#
# There is insufficient memory for the Java Runtime Environment to continue.
# Native memory allocation (malloc) failed to allocate 240480 bytes for Chunk::new
# Possible reasons:
#   The system is out of physical RAM or swap space
#   In 32 bit mode, the process size limit was hit
# Possible solutions:
#   Reduce memory load on the system
#   Increase physical memory or swap space
#   Check if swap backing store is full
#   Use 64 bit Java on a 64 bit OS
#   Decrease Java heap size (-Xmx/-Xms)
#   Decrease number of Java threads
#   Decrease Java thread stack sizes (-Xss)
#   Set larger code cache with -XX:ReservedCodeCacheSize=
# This output file may be truncated or incomplete.
#
#  Out of Memory Error (allocation.cpp:390), pid=16596, tid=0x00000000000042f4
#
# JRE version: OpenJDK Runtime Environment (8.0) (build 1.8.0-adoptopenjdk-_2018_05_19_00_59-b00)
# Java VM: OpenJDK 64-Bit Server VM (25.71-b00 mixed mode windows-amd64 compressed oops)
# Failed to write core dump. Minidumps are not enabled by default on client versions of Windows
#

---------------  T H R E A D  ---------------

Current thread (0x000000001716e800):  JavaThread "C2 CompilerThread0" daemon [_thread_in_native, id=17140, stack(0x00000000187e0000,0x00000000188e0000)]

Stack: [0x00000000187e0000,0x00000000188e0000]
[error occurred during error reporting (printing stack bounds), id 0xc0000005]

Native frames: (J=compiled Java code, j=interpreted, Vv=VM code, C=native code)


Current CompileTask:
C2:   3755  913   !   4       sun.net.www.ParseUtil::decode (316 bytes)


---------------  P R O C E S S  ---------------

Java Threads: ( => current thread )
  0x0000000018b11000 JavaThread "Service Thread" daemon [_thread_blocked, id=19336, stack(0x0000000018ee0000,0x0000000018fe0000)]
  0x0000000017176800 JavaThread "C1 CompilerThread2" daemon [_thread_blocked, id=17276, stack(0x00000000189e0000,0x0000000018ae0000)]
  0x0000000017172800 JavaThread "C2 CompilerThread1" daemon [_thread_blocked, id=9916, stack(0x00000000188e0000,0x00000000189e0000)]
=>0x000000001716e800 JavaThread "C2 CompilerThread0" daemon [_thread_in_native, id=17140, stack(0x00000000187e0000,0x00000000188e0000)]
  0x000000001716d000 JavaThread "Attach Listener" daemon [_thread_blocked, id=22120, stack(0x00000000186e0000,0x00000000187e0000)]
  0x000000001716b800 JavaThread "Signal Dispatcher" daemon [_thread_blocked, id=15604, stack(0x00000000185e0000,0x00000000186e0000)]
  0x00000000026ea800 JavaThread "Finalizer" daemon [_thread_blocked, id=13708, stack(0x00000000183f0000,0x00000000184f0000)]
  0x00000000026e1800 JavaThread "Reference Handler" daemon [_thread_blocked, id=23340, stack(0x00000000182f0000,0x00000000183f0000)]
  0x000000000247e800 JavaThread "main" [_thread_in_native, id=6300, stack(0x00000000024f0000,0x00000000025f0000)]

Other Threads:
  0x0000000017133800 VMThread [stack: 0x00000000181f0000,0x00000000182f0000] [id=22324]
  0x0000000018b14800 WatcherThread [stack: 0x0000000018fe0000,0x00000000190e0000] [id=3828]

VM state:not at safepoint (normal execution)

VM Mutex/Monitor currently owned by a thread: None

Heap:
 PSYoungGen      total 37888K, used 20184K [0x00000000d6400000, 0x00000000d8e00000, 0x0000000100000000)
  eden space 32768K, 45% used [0x00000000d6400000,0x00000000d72b6248,0x00000000d8400000)
  from space 5120K, 99% used [0x00000000d8400000,0x00000000d88fff00,0x00000000d8900000)
  to   space 5120K, 0% used [0x00000000d8900000,0x00000000d8900000,0x00000000d8e00000)
 ParOldGen       total 86016K, used 195K [0x0000000082c00000, 0x0000000088000000, 0x00000000d6400000)
  object space 86016K, 0% used [0x0000000082c00000,0x0000000082c30c68,0x0000000088000000)
 Metaspace       used 8456K, capacity 8642K, committed 8960K, reserved 1056768K
  class space    used 1097K, capacity 1157K, committed 1280K, reserved 1048576K

Card table byte_map: [0x0000000011ab0000,0x0000000011ea0000] byte_map_base: 0x000000001169a000

Marking Bits: (ParMarkBitMap*) 0x000000007180be50
 Begin Bits: [0x0000000012540000, 0x0000000014490000)
 End Bits:   [0x0000000014490000, 0x00000000163e0000)

Polling page: 0x0000000000680000

CodeCache: size=245760Kb used=3514Kb max_used=3514Kb free=242245Kb
 bounds [0x00000000026f0000, 0x0000000002a70000, 0x00000000116f0000]
 total_blobs=1209 nmethods=913 adapters=210
 compilation: enabled

Compilation events (10 events):
Event: 3.662 Thread 0x0000000017176800 nmethod 907 0x0000000002a4c690 code [0x0000000002a4c820, 0x0000000002a4cc48]
Event: 3.662 Thread 0x0000000017176800  904       3       java.net.Parts::<init> (87 bytes)
Event: 3.662 Thread 0x0000000017176800 nmethod 904 0x0000000002a4b890 code [0x0000000002a4ba60, 0x0000000002a4c3f8]
Event: 3.666 Thread 0x0000000017176800  911       3       sun.nio.cs.UTF_8$Encoder::isLegalReplacement (26 bytes)
Event: 3.667 Thread 0x000000001716e800  913   !   4       sun.net.www.ParseUtil::decode (316 bytes)
Event: 3.667 Thread 0x0000000017176800 nmethod 911 0x0000000002a4b010 code [0x0000000002a4b180, 0x0000000002a4b408]
Event: 3.667 Thread 0x0000000017176800  912       3       sun.nio.cs.UTF_8$Encoder::implReplaceWith (8 bytes)
Event: 3.667 Thread 0x0000000017176800 nmethod 912 0x0000000002a4ac50 code [0x0000000002a4ada0, 0x0000000002a4af30]
Event: 3.713 Thread 0x0000000017176800  914       3       java.net.URL::getDefaultPort (8 bytes)
Event: 3.713 Thread 0x0000000017176800 nmethod 914 0x0000000002a4a7d0 code [0x0000000002a4a940, 0x0000000002a4ab70]

GC Heap History (2 events):
Event: 1.396 GC heap before
{Heap before GC invocations=1 (full 0):
 PSYoungGen      total 37888K, used 32768K [0x00000000d6400000, 0x00000000d8e00000, 0x0000000100000000)
  eden space 32768K, 100% used [0x00000000d6400000,0x00000000d8400000,0x00000000d8400000)
  from space 5120K, 0% used [0x00000000d8900000,0x00000000d8900000,0x00000000d8e00000)
  to   space 5120K, 0% used [0x00000000d8400000,0x00000000d8400000,0x00000000d8900000)
 ParOldGen       total 86016K, used 0K [0x0000000082c00000, 0x0000000088000000, 0x00000000d6400000)
  object space 86016K, 0% used [0x0000000082c00000,0x0000000082c00000,0x0000000088000000)
 Metaspace       used 8380K, capacity 8578K, committed 8704K, reserved 1056768K
  class space    used 1097K, capacity 1157K, committed 1280K, reserved 1048576K
Event: 1.403 GC heap after
Heap after GC invocations=1 (full 0):
 PSYoungGen      total 37888K, used 5119K [0x00000000d6400000, 0x00000000d8e00000, 0x0000000100000000)
  eden space 32768K, 0% used [0x00000000d6400000,0x00000000d6400000,0x00000000d8400000)
  from space 5120K, 99% used [0x00000000d8400000,0x00000000d88fff00,0x00000000d8900000)
  to   space 5120K, 0% used [0x00000000d8900000,0x00000000d8900000,0x00000000d8e00000)
 ParOldGen       total 86016K, used 195K [0x0000000082c00000, 0x0000000088000000, 0x00000000d6400000)
  object space 86016K, 0% used [0x0000000082c00000,0x0000000082c30c68,0x0000000088000000)
 Metaspace       used 8380K, capacity 8578K, committed 8704K, reserved 1056768K
  class space    used 1097K, capacity 1157K, committed 1280K, reserved 1048576K
}

Deoptimization events (2 events):
Event: 0.785 Thread 0x000000000247e800 Uncommon trap: reason=unstable_if action=reinterpret pc=0x000000000297bb1c method=java.util.HashMap.hash(Ljava/lang/Object;)I @ 1
Event: 2.589 Thread 0x000000000247e800 Uncommon trap: reason=class_check action=maybe_recompile pc=0x00000000029ea5cc method=java.util.HashMap.putVal(ILjava/lang/Object;Ljava/lang/Object;ZZ)Ljava/lang/Object; @ 203

Classes redefined (0 events):
No events

Internal exceptions (10 events):
Event: 0.785 Thread 0x000000000247e800 Implicit null exception at 0x000000000297b915 to 0x000000000297bb0d
Event: 0.927 Thread 0x000000000247e800 Exception <a 'java/lang/ArrayIndexOutOfBoundsException'> (0x00000000d79f5d68) thrown at [C:\Users\jenkins\workspace\openjdk8_build_x86-64_windows\openjdk\hotspot\src\share\vm\runtime\sharedRuntime.cpp, line 605]
Event: 0.927 Thread 0x000000000247e800 Exception <a 'java/lang/ArrayIndexOutOfBoundsException'> (0x00000000d79f8338) thrown at [C:\Users\jenkins\workspace\openjdk8_build_x86-64_windows\openjdk\hotspot\src\share\vm\runtime\sharedRuntime.cpp, line 605]
Event: 0.927 Thread 0x000000000247e800 Exception <a 'java/lang/ArrayIndexOutOfBoundsException'> (0x00000000d79fa560) thrown at [C:\Users\jenkins\workspace\openjdk8_build_x86-64_windows\openjdk\hotspot\src\share\vm\runtime\sharedRuntime.cpp, line 605]
Event: 0.928 Thread 0x000000000247e800 Exception <a 'java/lang/ArrayIndexOutOfBoundsException'> (0x00000000d7a06608) thrown at [C:\Users\jenkins\workspace\openjdk8_build_x86-64_windows\openjdk\hotspot\src\share\vm\runtime\sharedRuntime.cpp, line 605]
Event: 0.928 Thread 0x000000000247e800 Exception <a 'java/lang/ArrayIndexOutOfBoundsException'> (0x00000000d7a092e0) thrown at [C:\Users\jenkins\workspace\openjdk8_build_x86-64_windows\openjdk\hotspot\src\share\vm\runtime\sharedRuntime.cpp, line 605]
Event: 0.929 Thread 0x000000000247e800 Exception <a 'java/lang/ArrayIndexOutOfBoundsException'> (0x00000000d7a13ab8) thrown at [C:\Users\jenkins\workspace\openjdk8_build_x86-64_windows\openjdk\hotspot\src\share\vm\runtime\sharedRuntime.cpp, line 605]
Event: 0.929 Thread 0x000000000247e800 Exception <a 'java/lang/ArrayIndexOutOfBoundsException'> (0x00000000d7a15f58) thrown at [C:\Users\jenkins\workspace\openjdk8_build_x86-64_windows\openjdk\hotspot\src\share\vm\runtime\sharedRuntime.cpp, line 605]
Event: 0.929 Thread 0x000000000247e800 Exception <a 'java/lang/ArrayIndexOutOfBoundsException'> (0x00000000d7a223f8) thrown at [C:\Users\jenkins\workspace\openjdk8_build_x86-64_windows\openjdk\hotspot\src\share\vm\runtime\sharedRuntime.cpp, line 605]
Event: 0.929 Thread 0x000000000247e800 Exception <a 'java/lang/ArrayIndexOutOfBoundsException'> (0x00000000d7a241c8) thrown at [C:\Users\jenkins\workspace\openjdk8_build_x86-64_windows\openjdk\hotspot\src\share\vm\runtime\sharedRuntime.cpp, line 605]

Events (10 events):
Event: 1.248 loading class org/gradle/util/GUtil done
Event: 1.249 loading class org/gradle/api/internal/classpath/DefaultModuleRegistry$DefaultModule
Event: 1.249 loading class org/gradle/api/internal/classpath/DefaultModuleRegistry$DefaultModule done
Event: 1.396 Executing VM operation: ParallelGCFailedAllocation
Event: 1.403 Executing VM operation: ParallelGCFailedAllocation done
Event: 2.589 Thread 0x000000000247e800 Uncommon trap: trap_request=0xffffffde fr.pc=0x00000000029ea5cc
Event: 2.589 Thread 0x000000000247e800 DEOPT PACKING pc=0x00000000029ea5cc sp=0x00000000025ed2d0
Event: 2.589 Thread 0x000000000247e800 DEOPT UNPACKING pc=0x000000000273557b sp=0x00000000025ed210 mode 2
Event: 3.667 Thread 0x000000000247e800 DEOPT PACKING pc=0x000000000286eba1 sp=0x00000000025ea620
Event: 3.667 Thread 0x000000000247e800 DEOPT UNPACKING pc=0x00000000027375d0 sp=0x00000000025ea4a0 mode 0


Dynamic libraries:
0x00007ff6508e0000 - 0x00007ff650915000 	C:\Program Files\Unity\Editor\Data\PlaybackEngines\AndroidPlayer\Tools\OpenJDK\Windows\bin\java.exe
0x00007ffa38790000 - 0x00007ffa38971000 	C:\WINDOWS\SYSTEM32\ntdll.dll
0x00007ffa38190000 - 0x00007ffa38242000 	C:\WINDOWS\System32\KERNEL32.DLL
0x00007ffa35790000 - 0x00007ffa35a03000 	C:\WINDOWS\System32\KERNELBASE.dll
0x00007ffa361d0000 - 0x00007ffa36271000 	C:\WINDOWS\System32\ADVAPI32.dll
0x00007ffa35ed0000 - 0x00007ffa35f6e000 	C:\WINDOWS\System32\msvcrt.dll
0x00007ffa35f70000 - 0x00007ffa35fcb000 	C:\WINDOWS\System32\sechost.dll
0x00007ffa35c40000 - 0x00007ffa35d64000 	C:\WINDOWS\System32\RPCRT4.dll
0x00007ffa37df0000 - 0x00007ffa37f80000 	C:\WINDOWS\System32\USER32.dll
0x00007ffa34b60000 - 0x00007ffa34b80000 	C:\WINDOWS\System32\win32u.dll
0x00007ffa35ea0000 - 0x00007ffa35ec8000 	C:\WINDOWS\System32\GDI32.dll
0x00007ffa35400000 - 0x00007ffa35592000 	C:\WINDOWS\System32\gdi32full.dll
0x00007ffa35360000 - 0x00007ffa353ff000 	C:\WINDOWS\System32\msvcp_win.dll
0x00007ffa35b20000 - 0x00007ffa35c1a000 	C:\WINDOWS\System32\ucrtbase.dll
0x00007ffa28590000 - 0x00007ffa287f9000 	C:\WINDOWS\WinSxS\amd64_microsoft.windows.common-controls_6595b64144ccf1df_6.0.17134.345_none_fb429a5930656358\COMCTL32.dll
0x00007ffa37870000 - 0x00007ffa37b93000 	C:\WINDOWS\System32\combase.dll
0x00007ffa34b80000 - 0x00007ffa34bfa000 	C:\WINDOWS\System32\bcryptPrimitives.dll
0x00007ffa382b0000 - 0x00007ffa382dd000 	C:\WINDOWS\System32\IMM32.DLL
0x0000000072160000 - 0x0000000072232000 	C:\Program Files\Unity\Editor\Data\PlaybackEngines\AndroidPlayer\Tools\OpenJDK\Windows\jre\bin\msvcr100.dll
0x0000000071040000 - 0x0000000071889000 	C:\Program Files\Unity\Editor\Data\PlaybackEngines\AndroidPlayer\Tools\OpenJDK\Windows\jre\bin\server\jvm.dll
0x00007ffa38300000 - 0x00007ffa38308000 	C:\WINDOWS\System32\PSAPI.DLL
0x00007ffa336a0000 - 0x00007ffa336a9000 	C:\WINDOWS\SYSTEM32\WSOCK32.dll
0x00007ffa32630000 - 0x00007ffa32653000 	C:\WINDOWS\SYSTEM32\WINMM.dll
0x00007ffa2fb70000 - 0x00007ffa2fb7a000 	C:\WINDOWS\SYSTEM32\VERSION.dll
0x00007ffa38120000 - 0x00007ffa3818c000 	C:\WINDOWS\System32\WS2_32.dll
0x00007ffa32600000 - 0x00007ffa3262a000 	C:\WINDOWS\SYSTEM32\winmmbase.dll
0x00007ffa35310000 - 0x00007ffa35359000 	C:\WINDOWS\System32\cfgmgr32.dll
0x00007ffa2a5a0000 - 0x00007ffa2a5af000 	C:\Program Files\Unity\Editor\Data\PlaybackEngines\AndroidPlayer\Tools\OpenJDK\Windows\jre\bin\verify.dll
0x00007ffa1ffc0000 - 0x00007ffa1ffe9000 	C:\Program Files\Unity\Editor\Data\PlaybackEngines\AndroidPlayer\Tools\OpenJDK\Windows\jre\bin\java.dll
0x00007ffa20430000 - 0x00007ffa20446000 	C:\Program Files\Unity\Editor\Data\PlaybackEngines\AndroidPlayer\Tools\OpenJDK\Windows\jre\bin\zip.dll
0x00007ffa36380000 - 0x00007ffa377bf000 	C:\WINDOWS\System32\SHELL32.dll
0x00007ffa377c0000 - 0x00007ffa37869000 	C:\WINDOWS\System32\shcore.dll
0x00007ffa34c00000 - 0x00007ffa3530d000 	C:\WINDOWS\System32\windows.storage.dll
0x00007ffa36280000 - 0x00007ffa362d1000 	C:\WINDOWS\System32\shlwapi.dll
0x00007ffa34aa0000 - 0x00007ffa34ab1000 	C:\WINDOWS\System32\kernel.appcore.dll
0x00007ffa34b30000 - 0x00007ffa34b4f000 	C:\WINDOWS\System32\profapi.dll
0x00007ffa34ae0000 - 0x00007ffa34b2c000 	C:\WINDOWS\System32\powrprof.dll
0x00007ffa34b50000 - 0x00007ffa34b5a000 	C:\WINDOWS\System32\FLTLIB.DLL
0x00007ffa29ba0000 - 0x00007ffa29bba000 	C:\Program Files\Unity\Editor\Data\PlaybackEngines\AndroidPlayer\Tools\OpenJDK\Windows\jre\bin\net.dll
0x00007ffa34320000 - 0x00007ffa34386000 	C:\WINDOWS\system32\mswsock.dll
0x00007ffa28fd0000 - 0x00007ffa28fe1000 	C:\Program Files\Unity\Editor\Data\PlaybackEngines\AndroidPlayer\Tools\OpenJDK\Windows\jre\bin\nio.dll
0x00007ffa1ffa0000 - 0x00007ffa1ffbe000 	C:\Users\HP\.gradle\native\25\windows-amd64\native-platform.dll
0x00007ffa299c0000 - 0x00007ffa299cd000 	C:\Program Files\Unity\Editor\Data\PlaybackEngines\AndroidPlayer\Tools\OpenJDK\Windows\jre\bin\management.dll

VM Arguments:
java_command: org.gradle.launcher.GradleMain -Dorg.gradle.jvmargs=-Xmx4096m --stop
java_class_path (initial): C:\Program Files\Unity\Editor\Data\PlaybackEngines\AndroidPlayer\Tools\gradle\lib\gradle-launcher-4.6.jar
Launcher Type: SUN_STANDARD

Environment Variables:
JAVA_HOME=C:\Program Files\Unity\Editor\Data\PlaybackEngines\AndroidPlayer/Tools\OpenJDK\Windows
PATH=C:\Program Files (x86)\Common Files\Oracle\Java\javapath;C:\ProgramData\Oracle\Java\javapath;C:\Program Files (x86)\Intel\iCLS Client\;C:\Program Files\Intel\iCLS Client\;C:\Windows\system32;C:\Windows;C:\Windows\System32\Wbem;C:\Windows\System32\WindowsPowerShell\v1.0\;C:\Program Files (x86)\NVIDIA Corporation\PhysX\Common;C:\Program Files (x86)\Intel\Intel(R) Management Engine Components\DAL;C:\Program Files\Intel\Intel(R) Management Engine Components\DAL;C:\Program Files (x86)\Intel\Intel(R) Management Engine Components\IPT;C:\Program Files\Intel\Intel(R) Management Engine Components\IPT;C:\Program Files\nodejs\;C:\Users\HP\AppData\Roaming\npm;C:\WINDOWS\system32;C:\WINDOWS;C:\WINDOWS\System32\Wbem;C:\WINDOWS\System32\WindowsPowerShell\v1.0\;C:\Program Files (x86)\GtkSharp\2.12\bin;C:\Users\HP\AppData\Local\Android\sdk\platform-tools;C:\Users\HP\AppData\Local\Android\sdk;C:\Program Files\Git\cmd;C:\Python26\;C:\Program Files (x86)\Meld\;c:\Program Files\Java\jdk1.8.0_121\bin;;C:\Android;C:\WINDOWS\System32\OpenSSH\;C:\Program Files\MongoDB\Server\3.4\bin;C:\Users\HP\AppData\Local\Microsoft\WindowsApps;C:\Users\HP\AppData\Local\atom\bin;F:\Documents\Programs\flutter\bin;;C:\Users\HP\AppData\Local\Programs\Microsoft VS Code\bin
USERNAME=Shimona
OS=Windows_NT
PROCESSOR_IDENTIFIER=Intel64 Family 6 Model 78 Stepping 3, GenuineIntel



---------------  S Y S T E M  ---------------

OS: Windows 10.0 , 64 bit Build 17134 (10.0.17134.1)

CPU:total 4 (initial active 4) (2 cores per cpu, 2 threads per core) family 6 model 78 stepping 3, cmov, cx8, fxsr, mmx, sse, sse2, sse3, ssse3, sse4.1, sse4.2, popcnt, avx, avx2, aes, clmul, erms, 3dnowpref, lzcnt, ht, tsc, tscinvbit, bmi1, bmi2, adx

Memory: 4k page, physical 8204736k(564604k free), swap 14348736k(3252k free)

vm_info: OpenJDK 64-Bit Server VM (25.71-b00) for windows-amd64 JRE (1.8.0-adoptopenjdk-_2018_05_19_00_59-b00), built on May 19 2018 01:02:12 by "jenkins" with MS VC++ 10.0 (VS2010)

time: Thu Jan 24 18:41:43 2019
elapsed time: 3 seconds (0d 0h 0m 3s)

