#
# A fatal error has been detected by the Java Runtime Environment:
#
#  EXCEPTION_ACCESS_VIOLATION (0xc0000005) at pc=0x000000007122d767, pid=17484, tid=0x0000000000001198
#
# JRE version: OpenJDK Runtime Environment (8.0) (build 1.8.0-adoptopenjdk-_2018_05_19_00_59-b00)
# Java VM: OpenJDK 64-Bit Server VM (25.71-b00 mixed mode windows-amd64 compressed oops)
# Problematic frame:
# V  [jvm.dll+0x1ed767]
#
# Failed to write core dump. Minidumps are not enabled by default on client versions of Windows
#
# If you would like to submit a bug report, please visit:
#   http://bugreport.java.com/bugreport/crash.jsp
#

---------------  T H R E A D  ---------------

Current thread (0x0000000019f9d000):  JavaThread "pool-1-thread-1" [_thread_in_vm, id=4504, stack(0x000000001a3a0000,0x000000001a4a0000)]

siginfo: ExceptionCode=0xc0000005, writing address 0x000000001a494ab0

Registers:
RAX=0x000000001a494ab0, RBX=0x0000000000000007, RCX=0x0000000000006000, RDX=0x0000000000000019
RSP=0x000000001a49aab0, RBP=0x0000000000000000, RSI=0x000000001a49aab0, RDI=0x0000000000000007
R8 =0x0000000000000019, R9 =0x0000000019f990a0, R10=0x00000000174adba0, R11=0x000000001a3aa148
R12=0x0000000019f990a0, R13=0x0000000019f9d000, R14=0x000000001a49ab78, R15=0x00000000174adba0
RIP=0x000000007122d767, EFLAGS=0x0000000000010202

Top of Stack: (sp=0x000000001a49aab0)
0x000000001a49aab0:   0000000017c606c0 f3a3554d00000000
0x000000001a49aac0:   0000000019f9d000 0000000019f990a0
0x000000001a49aad0:   00000000ffffffff 000000007122e697
0x000000001a49aae0:   000000001a49abe0 00000000174adba0
0x000000001a49aaf0:   0000000019f9d000 cfd444ed6224dd8f
0x000000001a49ab00:   cf913deca64646e8 a1277741eba539bd
0x000000001a49ab10:   c4144c62a4e9eacc c2e2ca728de2cc78
0x000000001a49ab20:   00000000174adba0 0000000019f9d000
0x000000001a49ab30:   0000000003226d60 14aa5454beaa5084
0x000000001a49ab40:   b775b24ecf286978 2057f12a5f22ecda
0x000000001a49ab50:   c428f803e0797151 f64b1035154693ac
0x000000001a49ab60:   fb33eb33399ececc 00000000174adba0
0x000000001a49ab70:   0000000019f9d000 0000000019720ee0
0x000000001a49ab80:   0b3f50c1b1b758d9 e63ca642c7533b65
0x000000001a49ab90:   000000001a49ad38 2070b14070515432
0x000000001a49aba0:   f787e9706aa19779 24c327b10975a19c 

Instructions: (pc=0x000000007122d767)
0x000000007122d747:   48 89 6c 24 30 33 ed 66 90 e8 db ce 07 00 ff c3
0x000000007122d757:   48 63 c8 48 8b c6 48 0f af cf 48 ff c7 48 2b c1
0x000000007122d767:   89 28 48 63 c3 48 3b 05 c5 ae 57 00 7e db 48 8b
0x000000007122d777:   6c 24 30 48 8b 5c 24 38 48 8b 74 24 40 48 83 c4 


Register to memory mapping:

RAX=0x000000001a494ab0 is pointing into the stack for thread: 0x0000000019f9d000
RBX=0x0000000000000007 is an unknown value
RCX=0x0000000000006000 is an unknown value
RDX=0x0000000000000019 is an unknown value
RSP=0x000000001a49aab0 is pointing into the stack for thread: 0x0000000019f9d000
RBP=0x0000000000000000 is an unknown value
RSI=0x000000001a49aab0 is pointing into the stack for thread: 0x0000000019f9d000
RDI=0x0000000000000007 is an unknown value
R8 =0x0000000000000019 is an unknown value
R9 =0x0000000019f990a0 is an unknown value
R10={method} {0x00000000174adba8} 'run' '()Ljava/lang/Object;' in 'java/net/URLClassLoader$1'
R11=0x000000001a3aa148 is pointing into the stack for thread: 0x0000000019f9d000
R12=0x0000000019f990a0 is an unknown value
R13=0x0000000019f9d000 is a thread
R14=0x000000001a49ab78 is pointing into the stack for thread: 0x0000000019f9d000
R15={method} {0x00000000174adba8} 'run' '()Ljava/lang/Object;' in 'java/net/URLClassLoader$1'


Stack: [0x000000001a3a0000,0x000000001a4a0000],  sp=0x000000001a49aab0,  free space=1002k
Native frames: (J=compiled Java code, j=interpreted, Vv=VM code, C=native code)

Java frames: (J=compiled Java code, j=interpreted, Vv=VM code)
J 241  java.security.AccessController.doPrivileged(Ljava/security/PrivilegedExceptionAction;Ljava/security/AccessControlContext;)Ljava/lang/Object; (0 bytes) @ 0x0000000003371626 [0x00000000033715c0+0x66]
J 288 C1 java.net.URLClassLoader.findClass(Ljava/lang/String;)Ljava/lang/Class; (47 bytes) @ 0x000000000338e2c4 [0x000000000338e140+0x184]
J 239 C1 java.lang.ClassLoader.loadClass(Ljava/lang/String;Z)Ljava/lang/Class; (122 bytes) @ 0x00000000033724ec [0x0000000003371b80+0x96c]
J 239 C1 java.lang.ClassLoader.loadClass(Ljava/lang/String;Z)Ljava/lang/Class; (122 bytes) @ 0x000000000337228c [0x0000000003371b80+0x70c]
J 239 C1 java.lang.ClassLoader.loadClass(Ljava/lang/String;Z)Ljava/lang/Class; (122 bytes) @ 0x000000000337228c [0x0000000003371b80+0x70c]
J 328 C1 java.lang.ClassLoader.loadClass(Ljava/lang/String;)Ljava/lang/Class; (7 bytes) @ 0x00000000033a82cc [0x00000000033a81c0+0x10c]
v  ~StubRoutines::call_stub
J 506  java.lang.ClassLoader.defineClass1(Ljava/lang/String;[BIILjava/security/ProtectionDomain;Ljava/lang/String;)Ljava/lang/Class; (0 bytes) @ 0x0000000003427b5f [0x0000000003427ac0+0x9f]
J 487 C1 java.lang.ClassLoader.defineClass(Ljava/lang/String;[BIILjava/security/ProtectionDomain;)Ljava/lang/Class; (43 bytes) @ 0x00000000034204a4 [0x000000000341fec0+0x5e4]
J 387 C1 java.net.URLClassLoader.defineClass(Ljava/lang/String;Lsun/misc/Resource;)Ljava/lang/Class; (142 bytes) @ 0x00000000033e09a4 [0x00000000033dee40+0x1b64]
J 330 C1 java.net.URLClassLoader$1.run()Ljava/lang/Class; (63 bytes) @ 0x00000000033a8cec [0x00000000033a8a20+0x2cc]
J 329 C1 java.net.URLClassLoader$1.run()Ljava/lang/Object; (5 bytes) @ 0x00000000033a868c [0x00000000033a8600+0x8c]
v  ~StubRoutines::call_stub
J 241  java.security.AccessController.doPrivileged(Ljava/security/PrivilegedExceptionAction;Ljava/security/AccessControlContext;)Ljava/lang/Object; (0 bytes) @ 0x0000000003371626 [0x00000000033715c0+0x66]
J 288 C1 java.net.URLClassLoader.findClass(Ljava/lang/String;)Ljava/lang/Class; (47 bytes) @ 0x000000000338e2c4 [0x000000000338e140+0x184]
J 239 C1 java.lang.ClassLoader.loadClass(Ljava/lang/String;Z)Ljava/lang/Class; (122 bytes) @ 0x00000000033724ec [0x0000000003371b80+0x96c]
J 328 C1 java.lang.ClassLoader.loadClass(Ljava/lang/String;)Ljava/lang/Class; (7 bytes) @ 0x00000000033a82cc [0x00000000033a81c0+0x10c]
v  ~StubRoutines::call_stub
j  com.google.common.collect.Iterables.filter(Ljava/lang/Iterable;Ljava/lang/Class;)Ljava/lang/Iterable;+10
j  org.gradle.internal.logging.console.WorkInProgressRenderer.renderNow()V+21
j  org.gradle.internal.logging.console.WorkInProgressRenderer.onOutput(Lorg/gradle/internal/logging/events/OutputEvent;)V+19
j  org.gradle.internal.logging.console.BuildStatusRenderer.onOutput(Lorg/gradle/internal/logging/events/OutputEvent;)V+118
j  org.gradle.internal.logging.console.AbstractUserInputRenderer.onOutput(Lorg/gradle/internal/logging/events/OutputEvent;)V+57
j  org.gradle.internal.logging.console.ThrottlingOutputEventListener.renderNow(J)V+49
j  org.gradle.internal.logging.console.ThrottlingOutputEventListener.onOutput(Lorg/gradle/internal/logging/events/OutputEvent;)V+93
j  org.gradle.internal.logging.console.ThrottlingOutputEventListener$1.run()V+23
j  java.util.concurrent.Executors$RunnableAdapter.call()Ljava/lang/Object;+4
j  java.util.concurrent.FutureTask.runAndReset()Z+47
j  java.util.concurrent.ScheduledThreadPoolExecutor$ScheduledFutureTask.access$301(Ljava/util/concurrent/ScheduledThreadPoolExecutor$ScheduledFutureTask;)Z+1
j  java.util.concurrent.ScheduledThreadPoolExecutor$ScheduledFutureTask.run()V+37
j  java.util.concurrent.ThreadPoolExecutor.runWorker(Ljava/util/concurrent/ThreadPoolExecutor$Worker;)V+95
j  java.util.concurrent.ThreadPoolExecutor$Worker.run()V+5
j  java.lang.Thread.run()V+11
v  ~StubRoutines::call_stub

---------------  P R O C E S S  ---------------

Java Threads: ( => current thread )
=>0x0000000019f9d000 JavaThread "pool-1-thread-1" [_thread_in_vm, id=4504, stack(0x000000001a3a0000,0x000000001a4a0000)]
  0x00000000195d2800 JavaThread "Service Thread" daemon [_thread_blocked, id=25364, stack(0x00000000199a0000,0x0000000019aa0000)]
  0x0000000017c6f800 JavaThread "C1 CompilerThread2" daemon [_thread_blocked, id=27032, stack(0x00000000194a0000,0x00000000195a0000)]
  0x0000000017c67000 JavaThread "C2 CompilerThread1" daemon [_thread_blocked, id=18320, stack(0x00000000193a0000,0x00000000194a0000)]
  0x0000000017c63800 JavaThread "C2 CompilerThread0" daemon [_thread_blocked, id=18708, stack(0x00000000192a0000,0x00000000193a0000)]
  0x0000000017c5e000 JavaThread "Attach Listener" daemon [_thread_blocked, id=27252, stack(0x00000000191a0000,0x00000000192a0000)]
  0x0000000017c5d000 JavaThread "Signal Dispatcher" daemon [_thread_blocked, id=12856, stack(0x00000000190a0000,0x00000000191a0000)]
  0x000000000310c000 JavaThread "Finalizer" daemon [_thread_blocked, id=27588, stack(0x0000000018eb0000,0x0000000018fb0000)]
  0x0000000003103800 JavaThread "Reference Handler" daemon [_thread_blocked, id=224, stack(0x0000000018db0000,0x0000000018eb0000)]
  0x00000000031de800 JavaThread "main" [_thread_blocked, id=21860, stack(0x0000000002e70000,0x0000000002f70000)]

Other Threads:
  0x0000000017c23800 VMThread [stack: 0x0000000018cb0000,0x0000000018db0000] [id=23740]
  0x00000000195e3800 WatcherThread [stack: 0x0000000019aa0000,0x0000000019ba0000] [id=6508]

VM state:synchronizing (normal execution)

VM Mutex/Monitor currently owned by a thread:  ([mutex/lock_event])
[0x00000000031dcf60] Threads_lock - owner thread: 0x0000000017c23800
[0x00000000030116d0] Compile_lock - owner thread: 0x00000000031de800

Heap:
 PSYoungGen      total 37888K, used 24252K [0x00000000d6400000, 0x00000000d8e00000, 0x0000000100000000)
  eden space 32768K, 74% used [0x00000000d6400000,0x00000000d7baf288,0x00000000d8400000)
  from space 5120K, 0% used [0x00000000d8900000,0x00000000d8900000,0x00000000d8e00000)
  to   space 5120K, 0% used [0x00000000d8400000,0x00000000d8400000,0x00000000d8900000)
 ParOldGen       total 86016K, used 0K [0x0000000082c00000, 0x0000000088000000, 0x00000000d6400000)
  object space 86016K, 0% used [0x0000000082c00000,0x0000000082c00000,0x0000000088000000)
 Metaspace       used 7773K, capacity 7974K, committed 8064K, reserved 1056768K
  class space    used 1024K, capacity 1125K, committed 1152K, reserved 1048576K

Card table byte_map: [0x00000000125a0000,0x0000000012990000] byte_map_base: 0x000000001218a000

Marking Bits: (ParMarkBitMap*) 0x000000007180be50
 Begin Bits: [0x0000000013030000, 0x0000000014f80000)
 End Bits:   [0x0000000014f80000, 0x0000000016ed0000)

Polling page: 0x0000000001180000

CodeCache: size=245760Kb used=2700Kb max_used=2700Kb free=243059Kb
 bounds [0x00000000031e0000, 0x0000000003490000, 0x00000000121e0000]
 total_blobs=972 nmethods=674 adapters=212
 compilation: enabled

Compilation events (10 events):
Event: 1.155 Thread 0x0000000017c6f800  669       3       java.util.HashMap$HashIterator::nextNode (100 bytes)
Event: 1.155 Thread 0x0000000017c6f800 nmethod 669 0x0000000003480110 code [0x00000000034802c0, 0x0000000003480798]
Event: 1.155 Thread 0x0000000017c6f800  666       3       java.util.regex.Pattern$Ctype::isSatisfiedBy (24 bytes)
Event: 1.156 Thread 0x0000000017c6f800 nmethod 666 0x000000000347fa90 code [0x000000000347fc00, 0x000000000347ff90]
Event: 1.156 Thread 0x0000000017c6f800  667       3       java.util.ArrayList::grow (45 bytes)
Event: 1.156 Thread 0x0000000017c6f800 nmethod 667 0x000000000347f210 code [0x000000000347f3a0, 0x000000000347f898]
Event: 1.156 Thread 0x0000000017c6f800  670       3       java.util.HashMap$KeyIterator::next (8 bytes)
Event: 1.156 Thread 0x0000000017c6f800 nmethod 670 0x000000000347edd0 code [0x000000000347ef40, 0x000000000347f148]
Event: 1.156 Thread 0x0000000017c6f800  671       3       java.util.Properties::getProperty (46 bytes)
Event: 1.157 Thread 0x0000000017c6f800 nmethod 671 0x0000000003483250 code [0x00000000034833e0, 0x0000000003483898]

GC Heap History (0 events):
No events

Deoptimization events (1 events):
Event: 0.341 Thread 0x00000000031de800 Uncommon trap: reason=unstable_if action=reinterpret pc=0x000000000333a118 method=java.lang.String.toLowerCase(Ljava/util/Locale;)Ljava/lang/String; @ 85

Classes redefined (0 events):
No events

Internal exceptions (10 events):
Event: 0.347 Thread 0x00000000031de800 Exception <a 'java/security/PrivilegedActionException'> (0x00000000d68c7428) thrown at [C:\Users\jenkins\workspace\openjdk8_build_x86-64_windows\openjdk\hotspot\src\share\vm\prims\jvm.cpp, line 1435]
Event: 0.347 Thread 0x00000000031de800 Exception <a 'java/security/PrivilegedActionException'> (0x00000000d68c8ff0) thrown at [C:\Users\jenkins\workspace\openjdk8_build_x86-64_windows\openjdk\hotspot\src\share\vm\prims\jvm.cpp, line 1435]
Event: 0.347 Thread 0x00000000031de800 Exception <a 'java/security/PrivilegedActionException'> (0x00000000d68c9200) thrown at [C:\Users\jenkins\workspace\openjdk8_build_x86-64_windows\openjdk\hotspot\src\share\vm\prims\jvm.cpp, line 1435]
Event: 0.637 Thread 0x00000000031de800 Exception <a 'java/lang/ArrayIndexOutOfBoundsException': 100> (0x00000000d6d3b198) thrown at [C:\Users\jenkins\workspace\openjdk8_build_x86-64_windows\openjdk\hotspot\src\share\vm\interpreter\interpreterRuntime.cpp, line 366]
Event: 0.639 Thread 0x00000000031de800 Exception <a 'java/lang/ArrayIndexOutOfBoundsException': 18> (0x00000000d6d3c0d0) thrown at [C:\Users\jenkins\workspace\openjdk8_build_x86-64_windows\openjdk\hotspot\src\share\vm\interpreter\interpreterRuntime.cpp, line 366]
Event: 0.639 Thread 0x00000000031de800 Exception <a 'java/lang/ArrayIndexOutOfBoundsException': 40> (0x00000000d6d3cd00) thrown at [C:\Users\jenkins\workspace\openjdk8_build_x86-64_windows\openjdk\hotspot\src\share\vm\interpreter\interpreterRuntime.cpp, line 366]
Event: 0.863 Thread 0x00000000031de800 Exception <a 'java/lang/ArrayIndexOutOfBoundsException'> (0x00000000d7193938) thrown at [C:\Users\jenkins\workspace\openjdk8_build_x86-64_windows\openjdk\hotspot\src\share\vm\runtime\sharedRuntime.cpp, line 605]
Event: 0.864 Thread 0x00000000031de800 Exception <a 'java/lang/ArrayIndexOutOfBoundsException'> (0x00000000d7194610) thrown at [C:\Users\jenkins\workspace\openjdk8_build_x86-64_windows\openjdk\hotspot\src\share\vm\runtime\sharedRuntime.cpp, line 605]
Event: 1.090 Thread 0x00000000031de800 Exception <a 'java/lang/NoSuchFieldError': method resolution failed> (0x00000000d78fca20) thrown at [C:\Users\jenkins\workspace\openjdk8_build_x86-64_windows\openjdk\hotspot\src\share\vm\prims\methodHandles.cpp, line 1167]
Event: 1.095 Thread 0x00000000031de800 Exception <a 'java/lang/NoSuchFieldError': method resolution failed> (0x00000000d790a110) thrown at [C:\Users\jenkins\workspace\openjdk8_build_x86-64_windows\openjdk\hotspot\src\share\vm\prims\methodHandles.cpp, line 1167]

Events (10 events):
Event: 1.156 loading class org/gradle/launcher/cli/Parameters
Event: 1.156 loading class org/gradle/launcher/cli/Parameters done
Event: 1.158 loading class org/gradle/internal/installation/CurrentGradleInstallation
Event: 1.158 loading class org/gradle/internal/installation/CurrentGradleInstallation done
Event: 1.158 loading class org/gradle/internal/installation/CurrentGradleInstallationLocator
Event: 1.158 loading class org/gradle/internal/installation/CurrentGradleInstallationLocator done
Event: 1.159 loading class org/gradle/internal/installation/beacon/InstallationBeacon
Event: 1.159 loading class org/gradle/internal/installation/beacon/InstallationBeacon done
Event: 1.159 loading class org/gradle/internal/classloader/ClasspathUtil
Event: 1.159 loading class org/gradle/internal/classloader/ClasspathUtil done


Dynamic libraries:
0x00007ff6e1640000 - 0x00007ff6e1675000 	C:\Program Files\Unity\Editor\Data\PlaybackEngines\AndroidPlayer\Tools\OpenJDK\Windows\bin\java.exe
0x00007ffa38790000 - 0x00007ffa38971000 	C:\WINDOWS\SYSTEM32\ntdll.dll
0x00007ffa38190000 - 0x00007ffa38242000 	C:\WINDOWS\System32\KERNEL32.DLL
0x00007ffa35790000 - 0x00007ffa35a03000 	C:\WINDOWS\System32\KERNELBASE.dll
0x00007ffa361d0000 - 0x00007ffa36271000 	C:\WINDOWS\System32\ADVAPI32.dll
0x00007ffa35ed0000 - 0x00007ffa35f6e000 	C:\WINDOWS\System32\msvcrt.dll
0x00007ffa35f70000 - 0x00007ffa35fcb000 	C:\WINDOWS\System32\sechost.dll
0x00007ffa35c40000 - 0x00007ffa35d64000 	C:\WINDOWS\System32\RPCRT4.dll
0x00007ffa37df0000 - 0x00007ffa37f80000 	C:\WINDOWS\System32\USER32.dll
0x00007ffa34b60000 - 0x00007ffa34b80000 	C:\WINDOWS\System32\win32u.dll
0x00007ffa35ea0000 - 0x00007ffa35ec8000 	C:\WINDOWS\System32\GDI32.dll
0x00007ffa35400000 - 0x00007ffa35592000 	C:\WINDOWS\System32\gdi32full.dll
0x00007ffa35360000 - 0x00007ffa353ff000 	C:\WINDOWS\System32\msvcp_win.dll
0x00007ffa35b20000 - 0x00007ffa35c1a000 	C:\WINDOWS\System32\ucrtbase.dll
0x00007ffa28590000 - 0x00007ffa287f9000 	C:\WINDOWS\WinSxS\amd64_microsoft.windows.common-controls_6595b64144ccf1df_6.0.17134.345_none_fb429a5930656358\COMCTL32.dll
0x00007ffa37870000 - 0x00007ffa37b93000 	C:\WINDOWS\System32\combase.dll
0x00007ffa34b80000 - 0x00007ffa34bfa000 	C:\WINDOWS\System32\bcryptPrimitives.dll
0x00007ffa382b0000 - 0x00007ffa382dd000 	C:\WINDOWS\System32\IMM32.DLL
0x0000000072180000 - 0x0000000072252000 	C:\Program Files\Unity\Editor\Data\PlaybackEngines\AndroidPlayer\Tools\OpenJDK\Windows\jre\bin\msvcr100.dll
0x0000000071040000 - 0x0000000071889000 	C:\Program Files\Unity\Editor\Data\PlaybackEngines\AndroidPlayer\Tools\OpenJDK\Windows\jre\bin\server\jvm.dll
0x00007ffa38300000 - 0x00007ffa38308000 	C:\WINDOWS\System32\PSAPI.DLL
0x00007ffa336a0000 - 0x00007ffa336a9000 	C:\WINDOWS\SYSTEM32\WSOCK32.dll
0x00007ffa38120000 - 0x00007ffa3818c000 	C:\WINDOWS\System32\WS2_32.dll
0x00007ffa32630000 - 0x00007ffa32653000 	C:\WINDOWS\SYSTEM32\WINMM.dll
0x00007ffa2fb70000 - 0x00007ffa2fb7a000 	C:\WINDOWS\SYSTEM32\VERSION.dll
0x00007ffa32600000 - 0x00007ffa3262a000 	C:\WINDOWS\SYSTEM32\WINMMBASE.dll
0x00007ffa35310000 - 0x00007ffa35359000 	C:\WINDOWS\System32\cfgmgr32.dll
0x00007ffa32220000 - 0x00007ffa3222f000 	C:\Program Files\Unity\Editor\Data\PlaybackEngines\AndroidPlayer\Tools\OpenJDK\Windows\jre\bin\verify.dll
0x00007ffa2a3f0000 - 0x00007ffa2a419000 	C:\Program Files\Unity\Editor\Data\PlaybackEngines\AndroidPlayer\Tools\OpenJDK\Windows\jre\bin\java.dll
0x00007ffa2e1e0000 - 0x00007ffa2e1f6000 	C:\Program Files\Unity\Editor\Data\PlaybackEngines\AndroidPlayer\Tools\OpenJDK\Windows\jre\bin\zip.dll
0x00007ffa36380000 - 0x00007ffa377bf000 	C:\WINDOWS\System32\SHELL32.dll
0x00007ffa377c0000 - 0x00007ffa37869000 	C:\WINDOWS\System32\shcore.dll
0x00007ffa34c00000 - 0x00007ffa3530d000 	C:\WINDOWS\System32\windows.storage.dll
0x00007ffa36280000 - 0x00007ffa362d1000 	C:\WINDOWS\System32\shlwapi.dll
0x00007ffa34aa0000 - 0x00007ffa34ab1000 	C:\WINDOWS\System32\kernel.appcore.dll
0x00007ffa34b30000 - 0x00007ffa34b4f000 	C:\WINDOWS\System32\profapi.dll
0x00007ffa34ae0000 - 0x00007ffa34b2c000 	C:\WINDOWS\System32\powrprof.dll
0x00007ffa34b50000 - 0x00007ffa34b5a000 	C:\WINDOWS\System32\FLTLIB.DLL
0x00007ffa2e0f0000 - 0x00007ffa2e10a000 	C:\Program Files\Unity\Editor\Data\PlaybackEngines\AndroidPlayer\Tools\OpenJDK\Windows\jre\bin\net.dll
0x00007ffa34320000 - 0x00007ffa34386000 	C:\WINDOWS\system32\mswsock.dll
0x00007ffa2b6a0000 - 0x00007ffa2b6b1000 	C:\Program Files\Unity\Editor\Data\PlaybackEngines\AndroidPlayer\Tools\OpenJDK\Windows\jre\bin\nio.dll
0x00007ffa2a550000 - 0x00007ffa2a56e000 	C:\Users\HP\.gradle\native\25\windows-amd64\native-platform.dll
0x00007ffa2fbf0000 - 0x00007ffa2fbfa000 	C:\Users\HP\.gradle\native\jansi\1.14\windows64\jansi.dll
0x00007ffa30930000 - 0x00007ffa3093d000 	C:\Program Files\Unity\Editor\Data\PlaybackEngines\AndroidPlayer\Tools\OpenJDK\Windows\jre\bin\management.dll

VM Arguments:
java_command: org.gradle.launcher.GradleMain -Dorg.gradle.jvmargs=-Xmx4096m
java_class_path (initial): C:\Program Files\Unity\Editor\Data\PlaybackEngines\AndroidPlayer\Tools\gradle\lib\gradle-launcher-4.6.jar
Launcher Type: SUN_STANDARD

Environment Variables:
JAVA_HOME=C:\Program Files\Unity\Editor\Data\PlaybackEngines\AndroidPlayer/Tools\OpenJDK\Windows
PATH=C:\Program Files (x86)\Common Files\Oracle\Java\javapath;C:\ProgramData\Oracle\Java\javapath;C:\Program Files (x86)\Intel\iCLS Client\;C:\Program Files\Intel\iCLS Client\;C:\Windows\system32;C:\Windows;C:\Windows\System32\Wbem;C:\Windows\System32\WindowsPowerShell\v1.0\;C:\Program Files (x86)\NVIDIA Corporation\PhysX\Common;C:\Program Files (x86)\Intel\Intel(R) Management Engine Components\DAL;C:\Program Files\Intel\Intel(R) Management Engine Components\DAL;C:\Program Files (x86)\Intel\Intel(R) Management Engine Components\IPT;C:\Program Files\Intel\Intel(R) Management Engine Components\IPT;C:\Program Files\nodejs\;C:\Users\HP\AppData\Roaming\npm;C:\WINDOWS\system32;C:\WINDOWS;C:\WINDOWS\System32\Wbem;C:\WINDOWS\System32\WindowsPowerShell\v1.0\;C:\Program Files (x86)\GtkSharp\2.12\bin;C:\Users\HP\AppData\Local\Android\sdk\platform-tools;C:\Users\HP\AppData\Local\Android\sdk;C:\Program Files\Git\cmd;C:\Python26\;C:\Program Files (x86)\Meld\;c:\Program Files\Java\jdk1.8.0_121\bin;;C:\Android;C:\WINDOWS\System32\OpenSSH\;C:\Program Files\MongoDB\Server\3.4\bin;C:\Users\HP\AppData\Local\Microsoft\WindowsApps;C:\Users\HP\AppData\Local\atom\bin;F:\Documents\Programs\flutter\bin;;C:\Users\HP\AppData\Local\Programs\Microsoft VS Code\bin
USERNAME=Shimona
OS=Windows_NT
PROCESSOR_IDENTIFIER=Intel64 Family 6 Model 78 Stepping 3, GenuineIntel



---------------  S Y S T E M  ---------------

OS: Windows 10.0 , 64 bit Build 17134 (10.0.17134.1)

CPU:total 4 (initial active 4) (2 cores per cpu, 2 threads per core) family 6 model 78 stepping 3, cmov, cx8, fxsr, mmx, sse, sse2, sse3, ssse3, sse4.1, sse4.2, popcnt, avx, avx2, aes, clmul, erms, 3dnowpref, lzcnt, ht, tsc, tscinvbit, bmi1, bmi2, adx

Memory: 4k page, physical 8204736k(616836k free), swap 14348736k(724k free)

vm_info: OpenJDK 64-Bit Server VM (25.71-b00) for windows-amd64 JRE (1.8.0-adoptopenjdk-_2018_05_19_00_59-b00), built on May 19 2018 01:02:12 by "jenkins" with MS VC++ 10.0 (VS2010)

time: Sun Jan 27 17:45:33 2019
elapsed time: 1 seconds (0d 0h 0m 1s)

