#
# There is insufficient memory for the Java Runtime Environment to continue.
# Native memory allocation (malloc) failed to allocate 32744 bytes for ChunkPool::allocate
# Possible reasons:
#   The system is out of physical RAM or swap space
#   In 32 bit mode, the process size limit was hit
# Possible solutions:
#   Reduce memory load on the system
#   Increase physical memory or swap space
#   Check if swap backing store is full
#   Use 64 bit Java on a 64 bit OS
#   Decrease Java heap size (-Xmx/-Xms)
#   Decrease number of Java threads
#   Decrease Java thread stack sizes (-Xss)
#   Set larger code cache with -XX:ReservedCodeCacheSize=
# This output file may be truncated or incomplete.
#
#  Out of Memory Error (allocation.cpp:273), pid=8664, tid=0x000000000000559c
#
# JRE version: OpenJDK Runtime Environment (8.0) (build 1.8.0-adoptopenjdk-_2018_05_19_00_59-b00)
# Java VM: OpenJDK 64-Bit Server VM (25.71-b00 mixed mode windows-amd64 compressed oops)
# Failed to write core dump. Minidumps are not enabled by default on client versions of Windows
#

---------------  T H R E A D  ---------------

Current thread (0x00000000171ad800):  JavaThread "C1 CompilerThread2" daemon [_thread_in_native, id=21916, stack(0x00000000189e0000,0x0000000018ae0000)]

Stack: [0x00000000189e0000,0x0000000018ae0000]
[error occurred during error reporting (printing stack bounds), id 0xc0000005]

Native frames: (J=compiled Java code, j=interpreted, Vv=VM code, C=native code)


Current CompileTask:
C1:   3425 1464       3       java.net.URLStreamHandler::parseURL (1193 bytes)


---------------  P R O C E S S  ---------------

Java Threads: ( => current thread )
  0x00000000171c3000 JavaThread "Service Thread" daemon [_thread_blocked, id=11004, stack(0x0000000018ee0000,0x0000000018fe0000)]
=>0x00000000171ad800 JavaThread "C1 CompilerThread2" daemon [_thread_in_native, id=21916, stack(0x00000000189e0000,0x0000000018ae0000)]
  0x00000000171a7000 JavaThread "C2 CompilerThread1" daemon [_thread_in_native, id=22324, stack(0x00000000188e0000,0x00000000189e0000)]
  0x00000000171a4000 JavaThread "C2 CompilerThread0" daemon [_thread_in_native, id=17660, stack(0x00000000187e0000,0x00000000188e0000)]
  0x00000000171a3000 JavaThread "Attach Listener" daemon [_thread_blocked, id=6372, stack(0x00000000186e0000,0x00000000187e0000)]
  0x00000000171a1800 JavaThread "Signal Dispatcher" daemon [_thread_blocked, id=10904, stack(0x00000000185e0000,0x00000000186e0000)]
  0x000000001718c800 JavaThread "Finalizer" daemon [_thread_blocked, id=9916, stack(0x00000000183f0000,0x00000000184f0000)]
  0x0000000002716800 JavaThread "Reference Handler" daemon [_thread_blocked, id=3284, stack(0x00000000182f0000,0x00000000183f0000)]
  0x0000000002623800 JavaThread "main" [_thread_in_Java, id=14420, stack(0x0000000002520000,0x0000000002620000)]

Other Threads:
  0x0000000017165800 VMThread [stack: 0x00000000181f0000,0x00000000182f0000] [id=24744]
  0x00000000171c4000 WatcherThread [stack: 0x0000000018fe0000,0x00000000190e0000] [id=15652]

VM state:not at safepoint (normal execution)

VM Mutex/Monitor currently owned by a thread: None

Heap:
 PSYoungGen      total 37888K, used 15657K [0x00000000d6400000, 0x00000000d8e00000, 0x0000000100000000)
  eden space 32768K, 35% used [0x00000000d6400000,0x00000000d6f37480,0x00000000d8400000)
  from space 5120K, 81% used [0x00000000d8400000,0x00000000d88131a0,0x00000000d8900000)
  to   space 5120K, 0% used [0x00000000d8900000,0x00000000d8900000,0x00000000d8e00000)
 ParOldGen       total 86016K, used 80K [0x0000000082c00000, 0x0000000088000000, 0x00000000d6400000)
  object space 86016K, 0% used [0x0000000082c00000,0x0000000082c14010,0x0000000088000000)
 Metaspace       used 12643K, capacity 12880K, committed 13184K, reserved 1060864K
  class space    used 1500K, capacity 1602K, committed 1664K, reserved 1048576K

Card table byte_map: [0x0000000011ae0000,0x0000000011ed0000] byte_map_base: 0x00000000116ca000

Marking Bits: (ParMarkBitMap*) 0x000000007180be50
 Begin Bits: [0x0000000012570000, 0x00000000144c0000)
 End Bits:   [0x00000000144c0000, 0x0000000016410000)

Polling page: 0x0000000002370000

CodeCache: size=245760Kb used=4737Kb max_used=4737Kb free=241023Kb
 bounds [0x0000000002720000, 0x0000000002bd0000, 0x0000000011720000]
 total_blobs=1818 nmethods=1460 adapters=271
 compilation: enabled

Compilation events (10 events):
Event: 3.415 Thread 0x00000000171ad800 nmethod 1459 0x0000000002bbdf50 code [0x0000000002bbe4a0, 0x0000000002bc1408]
Event: 3.415 Thread 0x00000000171ad800 1461       3       com.sun.org.apache.xerces.internal.jaxp.validation.ReadOnlyGrammarPool::retrieveGrammar (11 bytes)
Event: 3.415 Thread 0x00000000171ad800 nmethod 1461 0x0000000002bb9350 code [0x0000000002bb94c0, 0x0000000002bb96e8]
Event: 3.415 Thread 0x00000000171ad800 1460       3       com.sun.xml.internal.bind.WhiteSpaceProcessor::isWhiteSpace (38 bytes)
Event: 3.415 Thread 0x00000000171ad800 nmethod 1460 0x0000000002bb8ed0 code [0x0000000002bb9040, 0x0000000002bb92d0]
Event: 3.415 Thread 0x00000000171ad800 1462       3       java.lang.Float::isNaN (12 bytes)
Event: 3.415 Thread 0x00000000171ad800 nmethod 1462 0x0000000002bc31d0 code [0x0000000002bc3320, 0x0000000002bc34d0]
Event: 3.416 Thread 0x00000000171ad800 1463       3       sun.net.www.protocol.file.Handler::parseURL (18 bytes)
Event: 3.416 Thread 0x00000000171ad800 nmethod 1463 0x0000000002bc3550 code [0x0000000002bc36c0, 0x0000000002bc3938]
Event: 3.416 Thread 0x00000000171ad800 1464       3       java.net.URLStreamHandler::parseURL (1193 bytes)

GC Heap History (2 events):
Event: 3.302 GC heap before
{Heap before GC invocations=1 (full 0):
 PSYoungGen      total 37888K, used 32768K [0x00000000d6400000, 0x00000000d8e00000, 0x0000000100000000)
  eden space 32768K, 100% used [0x00000000d6400000,0x00000000d8400000,0x00000000d8400000)
  from space 5120K, 0% used [0x00000000d8900000,0x00000000d8900000,0x00000000d8e00000)
  to   space 5120K, 0% used [0x00000000d8400000,0x00000000d8400000,0x00000000d8900000)
 ParOldGen       total 86016K, used 0K [0x0000000082c00000, 0x0000000088000000, 0x00000000d6400000)
  object space 86016K, 0% used [0x0000000082c00000,0x0000000082c00000,0x0000000088000000)
 Metaspace       used 12504K, capacity 12762K, committed 12928K, reserved 1060864K
  class space    used 1495K, capacity 1593K, committed 1664K, reserved 1048576K
Event: 3.309 GC heap after
Heap after GC invocations=1 (full 0):
 PSYoungGen      total 37888K, used 4172K [0x00000000d6400000, 0x00000000d8e00000, 0x0000000100000000)
  eden space 32768K, 0% used [0x00000000d6400000,0x00000000d6400000,0x00000000d8400000)
  from space 5120K, 81% used [0x00000000d8400000,0x00000000d88131a0,0x00000000d8900000)
  to   space 5120K, 0% used [0x00000000d8900000,0x00000000d8900000,0x00000000d8e00000)
 ParOldGen       total 86016K, used 80K [0x0000000082c00000, 0x0000000088000000, 0x00000000d6400000)
  object space 86016K, 0% used [0x0000000082c00000,0x0000000082c14010,0x0000000088000000)
 Metaspace       used 12504K, capacity 12762K, committed 12928K, reserved 1060864K
  class space    used 1495K, capacity 1593K, committed 1664K, reserved 1048576K
}

Deoptimization events (10 events):
Event: 3.100 Thread 0x0000000002623800 Uncommon trap: reason=class_check action=maybe_recompile pc=0x0000000002a8c1a8 method=java.util.regex.Pattern$GroupHead.match(Ljava/util/regex/Matcher;ILjava/lang/CharSequence;)Z @ 28
Event: 3.100 Thread 0x0000000002623800 Uncommon trap: reason=class_check action=maybe_recompile pc=0x0000000002a8c1a8 method=java.util.regex.Pattern$GroupHead.match(Ljava/util/regex/Matcher;ILjava/lang/CharSequence;)Z @ 28
Event: 3.100 Thread 0x0000000002623800 Uncommon trap: reason=class_check action=maybe_recompile pc=0x0000000002a8c1a8 method=java.util.regex.Pattern$GroupHead.match(Ljava/util/regex/Matcher;ILjava/lang/CharSequence;)Z @ 28
Event: 3.100 Thread 0x0000000002623800 Uncommon trap: reason=class_check action=maybe_recompile pc=0x0000000002a8c1a8 method=java.util.regex.Pattern$GroupHead.match(Ljava/util/regex/Matcher;ILjava/lang/CharSequence;)Z @ 28
Event: 3.121 Thread 0x0000000002623800 Uncommon trap: reason=unstable_if action=reinterpret pc=0x0000000002aa63dc method=java.util.regex.Matcher.search(I)Z @ 30
Event: 3.127 Thread 0x0000000002623800 Uncommon trap: reason=unstable_if action=reinterpret pc=0x0000000002aa34e4 method=java.util.regex.Pattern$Start.match(Ljava/util/regex/Matcher;ILjava/lang/CharSequence;)Z @ 10
Event: 3.152 Thread 0x0000000002623800 Uncommon trap: reason=bimorphic action=maybe_recompile pc=0x0000000002abd930 method=java.util.regex.Pattern$Curly.match0(Ljava/util/regex/Matcher;IILjava/lang/CharSequence;)Z @ 31
Event: 3.152 Thread 0x0000000002623800 Uncommon trap: reason=bimorphic action=maybe_recompile pc=0x0000000002abd930 method=java.util.regex.Pattern$Curly.match0(Ljava/util/regex/Matcher;IILjava/lang/CharSequence;)Z @ 31
Event: 3.152 Thread 0x0000000002623800 Uncommon trap: reason=bimorphic action=maybe_recompile pc=0x0000000002abd930 method=java.util.regex.Pattern$Curly.match0(Ljava/util/regex/Matcher;IILjava/lang/CharSequence;)Z @ 31
Event: 3.152 Thread 0x0000000002623800 Uncommon trap: reason=bimorphic action=maybe_recompile pc=0x0000000002abd930 method=java.util.regex.Pattern$Curly.match0(Ljava/util/regex/Matcher;IILjava/lang/CharSequence;)Z @ 31

Classes redefined (0 events):
No events

Internal exceptions (10 events):
Event: 2.690 Thread 0x0000000002623800 Exception <a 'java/lang/ArrayIndexOutOfBoundsException'> (0x00000000d6f15780) thrown at [C:\Users\jenkins\workspace\openjdk8_build_x86-64_windows\openjdk\hotspot\src\share\vm\runtime\sharedRuntime.cpp, line 605]
Event: 2.690 Thread 0x0000000002623800 Exception <a 'java/lang/ArrayIndexOutOfBoundsException'> (0x00000000d6f16698) thrown at [C:\Users\jenkins\workspace\openjdk8_build_x86-64_windows\openjdk\hotspot\src\share\vm\runtime\sharedRuntime.cpp, line 605]
Event: 2.691 Thread 0x0000000002623800 Exception <a 'java/lang/ArrayIndexOutOfBoundsException': 56> (0x00000000d6f18538) thrown at [C:\Users\jenkins\workspace\openjdk8_build_x86-64_windows\openjdk\hotspot\src\share\vm\interpreter\interpreterRuntime.cpp, line 366]
Event: 2.691 Thread 0x0000000002623800 Exception <a 'java/lang/ArrayIndexOutOfBoundsException': 74> (0x00000000d6f194c0) thrown at [C:\Users\jenkins\workspace\openjdk8_build_x86-64_windows\openjdk\hotspot\src\share\vm\interpreter\interpreterRuntime.cpp, line 366]
Event: 2.691 Thread 0x0000000002623800 Exception <a 'java/lang/ArrayIndexOutOfBoundsException': 74> (0x00000000d6f1a410) thrown at [C:\Users\jenkins\workspace\openjdk8_build_x86-64_windows\openjdk\hotspot\src\share\vm\interpreter\interpreterRuntime.cpp, line 366]
Event: 2.691 Thread 0x0000000002623800 Exception <a 'java/lang/ArrayIndexOutOfBoundsException': 76> (0x00000000d6f1b370) thrown at [C:\Users\jenkins\workspace\openjdk8_build_x86-64_windows\openjdk\hotspot\src\share\vm\interpreter\interpreterRuntime.cpp, line 366]
Event: 2.691 Thread 0x0000000002623800 Exception <a 'java/lang/ArrayIndexOutOfBoundsException': 56> (0x00000000d6f1c1f8) thrown at [C:\Users\jenkins\workspace\openjdk8_build_x86-64_windows\openjdk\hotspot\src\share\vm\interpreter\interpreterRuntime.cpp, line 366]
Event: 2.691 Thread 0x0000000002623800 Exception <a 'java/lang/ArrayIndexOutOfBoundsException': 72> (0x00000000d6f1d0e8) thrown at [C:\Users\jenkins\workspace\openjdk8_build_x86-64_windows\openjdk\hotspot\src\share\vm\interpreter\interpreterRuntime.cpp, line 366]
Event: 2.940 Thread 0x0000000002623800 Implicit null exception at 0x0000000002974756 to 0x0000000002974af1
Event: 3.032 Thread 0x0000000002623800 Implicit null exception at 0x0000000002944c16 to 0x0000000002944fad

Events (10 events):
Event: 3.222 Thread 0x0000000002623800 DEOPT PACKING pc=0x0000000002a3cd38 sp=0x000000000261e2d0
Event: 3.222 Thread 0x0000000002623800 DEOPT UNPACKING pc=0x00000000027675d0 sp=0x000000000261e010 mode 0
Event: 3.237 Thread 0x0000000002623800 DEOPT PACKING pc=0x0000000002af8198 sp=0x000000000261e0c0
Event: 3.237 Thread 0x0000000002623800 DEOPT UNPACKING pc=0x00000000027675d0 sp=0x000000000261de00 mode 0
Event: 3.302 Executing VM operation: ParallelGCFailedAllocation
Event: 3.309 Executing VM operation: ParallelGCFailedAllocation done
Event: 3.325 Thread 0x0000000002623800 DEOPT PACKING pc=0x0000000002b0c452 sp=0x000000000261dc00
Event: 3.325 Thread 0x0000000002623800 DEOPT UNPACKING pc=0x00000000027675d0 sp=0x000000000261d998 mode 0
Event: 3.340 Thread 0x0000000002623800 DEOPT PACKING pc=0x0000000002b0c452 sp=0x000000000261dc00
Event: 3.340 Thread 0x0000000002623800 DEOPT UNPACKING pc=0x00000000027675d0 sp=0x000000000261d998 mode 0


Dynamic libraries:
0x00007ff6a6cf0000 - 0x00007ff6a6d25000 	C:\Program Files\Unity\Editor\Data\PlaybackEngines\AndroidPlayer\Tools\OpenJDK\Windows\bin\java.exe
0x00007ffa38790000 - 0x00007ffa38971000 	C:\WINDOWS\SYSTEM32\ntdll.dll
0x00007ffa38190000 - 0x00007ffa38242000 	C:\WINDOWS\System32\KERNEL32.DLL
0x00007ffa35790000 - 0x00007ffa35a03000 	C:\WINDOWS\System32\KERNELBASE.dll
0x00007ffa361d0000 - 0x00007ffa36271000 	C:\WINDOWS\System32\ADVAPI32.dll
0x00007ffa35ed0000 - 0x00007ffa35f6e000 	C:\WINDOWS\System32\msvcrt.dll
0x00007ffa35f70000 - 0x00007ffa35fcb000 	C:\WINDOWS\System32\sechost.dll
0x00007ffa35c40000 - 0x00007ffa35d64000 	C:\WINDOWS\System32\RPCRT4.dll
0x00007ffa37df0000 - 0x00007ffa37f80000 	C:\WINDOWS\System32\USER32.dll
0x00007ffa34b60000 - 0x00007ffa34b80000 	C:\WINDOWS\System32\win32u.dll
0x00007ffa35ea0000 - 0x00007ffa35ec8000 	C:\WINDOWS\System32\GDI32.dll
0x00007ffa35400000 - 0x00007ffa35592000 	C:\WINDOWS\System32\gdi32full.dll
0x00007ffa35360000 - 0x00007ffa353ff000 	C:\WINDOWS\System32\msvcp_win.dll
0x00007ffa35b20000 - 0x00007ffa35c1a000 	C:\WINDOWS\System32\ucrtbase.dll
0x00007ffa28590000 - 0x00007ffa287f9000 	C:\WINDOWS\WinSxS\amd64_microsoft.windows.common-controls_6595b64144ccf1df_6.0.17134.345_none_fb429a5930656358\COMCTL32.dll
0x00007ffa37870000 - 0x00007ffa37b93000 	C:\WINDOWS\System32\combase.dll
0x00007ffa34b80000 - 0x00007ffa34bfa000 	C:\WINDOWS\System32\bcryptPrimitives.dll
0x00007ffa382b0000 - 0x00007ffa382dd000 	C:\WINDOWS\System32\IMM32.DLL
0x0000000072180000 - 0x0000000072252000 	C:\Program Files\Unity\Editor\Data\PlaybackEngines\AndroidPlayer\Tools\OpenJDK\Windows\jre\bin\msvcr100.dll
0x0000000071040000 - 0x0000000071889000 	C:\Program Files\Unity\Editor\Data\PlaybackEngines\AndroidPlayer\Tools\OpenJDK\Windows\jre\bin\server\jvm.dll
0x00007ffa38300000 - 0x00007ffa38308000 	C:\WINDOWS\System32\PSAPI.DLL
0x00007ffa336a0000 - 0x00007ffa336a9000 	C:\WINDOWS\SYSTEM32\WSOCK32.dll
0x00007ffa32630000 - 0x00007ffa32653000 	C:\WINDOWS\SYSTEM32\WINMM.dll
0x00007ffa38120000 - 0x00007ffa3818c000 	C:\WINDOWS\System32\WS2_32.dll
0x00007ffa32600000 - 0x00007ffa3262a000 	C:\WINDOWS\SYSTEM32\winmmbase.dll
0x00007ffa35310000 - 0x00007ffa35359000 	C:\WINDOWS\System32\cfgmgr32.dll
0x00007ffa2fb70000 - 0x00007ffa2fb7a000 	C:\WINDOWS\SYSTEM32\VERSION.dll
0x00007ffa2e1e0000 - 0x00007ffa2e1ef000 	C:\Program Files\Unity\Editor\Data\PlaybackEngines\AndroidPlayer\Tools\OpenJDK\Windows\jre\bin\verify.dll
0x00007ffa17ac0000 - 0x00007ffa17ae9000 	C:\Program Files\Unity\Editor\Data\PlaybackEngines\AndroidPlayer\Tools\OpenJDK\Windows\jre\bin\java.dll
0x00007ffa2b6a0000 - 0x00007ffa2b6b6000 	C:\Program Files\Unity\Editor\Data\PlaybackEngines\AndroidPlayer\Tools\OpenJDK\Windows\jre\bin\zip.dll
0x00007ffa36380000 - 0x00007ffa377bf000 	C:\WINDOWS\System32\SHELL32.dll
0x00007ffa377c0000 - 0x00007ffa37869000 	C:\WINDOWS\System32\shcore.dll
0x00007ffa34c00000 - 0x00007ffa3530d000 	C:\WINDOWS\System32\windows.storage.dll
0x00007ffa36280000 - 0x00007ffa362d1000 	C:\WINDOWS\System32\shlwapi.dll
0x00007ffa34aa0000 - 0x00007ffa34ab1000 	C:\WINDOWS\System32\kernel.appcore.dll
0x00007ffa34b30000 - 0x00007ffa34b4f000 	C:\WINDOWS\System32\profapi.dll
0x00007ffa34ae0000 - 0x00007ffa34b2c000 	C:\WINDOWS\System32\powrprof.dll
0x00007ffa34b50000 - 0x00007ffa34b5a000 	C:\WINDOWS\System32\FLTLIB.DLL
0x00007ffa26e20000 - 0x00007ffa26e3a000 	C:\Program Files\Unity\Editor\Data\PlaybackEngines\AndroidPlayer\Tools\OpenJDK\Windows\jre\bin\net.dll
0x00007ffa34320000 - 0x00007ffa34386000 	C:\WINDOWS\system32\mswsock.dll
0x00007ffa21280000 - 0x00007ffa21291000 	C:\Program Files\Unity\Editor\Data\PlaybackEngines\AndroidPlayer\Tools\OpenJDK\Windows\jre\bin\nio.dll

VM Arguments:
jvm_args: -Dcom.android.sdkmanager.toolsdir=C:\Users\HP\AppData\Local\Android\sdk\tools\bin\\.. 
java_command: com.android.sdklib.tool.AvdManagerCli list target -c
java_class_path (initial): C:\Users\HP\AppData\Local\Android\sdk\tools\bin\..\lib\dvlib-26.0.0-dev.jar;C:\Users\HP\AppData\Local\Android\sdk\tools\bin\..\lib\jimfs-1.1.jar;C:\Users\HP\AppData\Local\Android\sdk\tools\bin\..\lib\jsr305-1.3.9.jar;C:\Users\HP\AppData\Local\Android\sdk\tools\bin\..\lib\repository-26.0.0-dev.jar;C:\Users\HP\AppData\Local\Android\sdk\tools\bin\..\lib\j2objc-annotations-1.1.jar;C:\Users\HP\AppData\Local\Android\sdk\tools\bin\..\lib\layoutlib-api-26.0.0-dev.jar;C:\Users\HP\AppData\Local\Android\sdk\tools\bin\..\lib\gson-2.3.jar;C:\Users\HP\AppData\Local\Android\sdk\tools\bin\..\lib\httpcore-4.2.5.jar;C:\Users\HP\AppData\Local\Android\sdk\tools\bin\..\lib\commons-logging-1.1.1.jar;C:\Users\HP\AppData\Local\Android\sdk\tools\bin\..\lib\commons-compress-1.12.jar;C:\Users\HP\AppData\Local\Android\sdk\tools\bin\..\lib\annotations-26.0.0-dev.jar;C:\Users\HP\AppData\Local\Android\sdk\tools\bin\..\lib\error_prone_annotations-2.0.18.jar;C:\Users\HP\AppData\Local\Android\sdk\tools\bin\..\lib\animal-sniffer-annotations-1.14.jar;C:\Users\HP\AppData\Local\Android\sdk\tools\bin\..\lib\httpclient-4.2.6.jar;C:\Users\HP\AppData\Local\Android\sdk\tools\bin\..\lib\commons-codec-1.6.jar;C:\Users\HP\AppData\Local\Android\sdk\tools\bin\..\lib\common-26.0.0-dev.jar;C:\Users\HP\AppData\Local\Android\sdk\tools\bin\..\lib\kxml2-2.3.0.jar;C:\Users\HP\AppData\Local\Android\sdk\tools\bin\..\lib\httpmime-4.1.jar;C:\Users\HP\AppData\Local\Android\sdk\tools\bin\..\lib\annotations-12.0.jar;C:\Users\HP\AppData\Local\Android\sdk\tools\bin\..\lib\sdklib-26.0.0-dev.jar;C:\Users\HP\AppData\Local\Android\sdk\tools\bin\..\lib\guava-22.0.jar
Launcher Type: SUN_STANDARD

Environment Variables:
JAVA_HOME=C:\Program Files\Unity\Editor\Data\PlaybackEngines\AndroidPlayer/Tools\OpenJDK\Windows
CLASSPATH=C:\Users\HP\AppData\Local\Android\sdk\tools\bin\..\lib\dvlib-26.0.0-dev.jar;C:\Users\HP\AppData\Local\Android\sdk\tools\bin\..\lib\jimfs-1.1.jar;C:\Users\HP\AppData\Local\Android\sdk\tools\bin\..\lib\jsr305-1.3.9.jar;C:\Users\HP\AppData\Local\Android\sdk\tools\bin\..\lib\repository-26.0.0-dev.jar;C:\Users\HP\AppData\Local\Android\sdk\tools\bin\..\lib\j2objc-annotations-1.1.jar;C:\Users\HP\AppData\Local\Android\sdk\tools\bin\..\lib\layoutlib-api-26.0.0-dev.jar;C:\Users\HP\AppData\Local\Android\sdk\tools\bin\..\lib\gson-2.3.jar;C:\Users\HP\AppData\Local\Android\sdk\tools\bin\..\lib\httpcore-4.2.5.jar;C:\Users\HP\AppData\Local\Android\sdk\tools\bin\..\lib\commons-logging-1.1.1.jar;C:\Users\HP\AppData\Local\Android\sdk\tools\bin\..\lib\commons-compress-1.12.jar;C:\Users\HP\AppData\Local\Android\sdk\tools\bin\..\lib\annotations-26.0.0-dev.jar;C:\Users\HP\AppData\Local\Android\sdk\tools\bin\..\lib\error_prone_annotations-2.0.18.jar;C:\Users\HP\AppData\Local\Android\sdk\tools\bin\..\lib\animal-sniffer-annotations-1.14.jar;C:\Users\HP\AppData\Local\Android\sdk\tools\bin\..\lib\httpclient-4.2.6.jar;C:\Users\HP\AppData\Local\Android\sdk\tools\bin\..\lib\commons-codec-1.6.jar;C:\Users\HP\AppData\Local\Android\sdk\tools\bin\..\lib\common-26.0.0-dev.jar;C:\Users\HP\AppData\Local\Android\sdk\tools\bin\..\lib\kxml2-2.3.0.jar;C:\Users\HP\AppData\Local\Android\sdk\tools\bin\..\lib\httpmime-4.1.jar;C:\Users\HP\AppData\Local\Android\sdk\tools\bin\..\lib\annotations-12.0.jar;C:\Users\HP\AppData\Local\Android\sdk\tools\bin\..\lib\sdklib-26.0.0-dev.jar;C:\Users\HP\AppData\Local\Android\sdk\tools\bin\..\lib\guava-22.0.jar
PATH=C:\Program Files (x86)\Common Files\Oracle\Java\javapath;C:\ProgramData\Oracle\Java\javapath;C:\Program Files (x86)\Intel\iCLS Client\;C:\Program Files\Intel\iCLS Client\;C:\Windows\system32;C:\Windows;C:\Windows\System32\Wbem;C:\Windows\System32\WindowsPowerShell\v1.0\;C:\Program Files (x86)\NVIDIA Corporation\PhysX\Common;C:\Program Files (x86)\Intel\Intel(R) Management Engine Components\DAL;C:\Program Files\Intel\Intel(R) Management Engine Components\DAL;C:\Program Files (x86)\Intel\Intel(R) Management Engine Components\IPT;C:\Program Files\Intel\Intel(R) Management Engine Components\IPT;C:\Program Files\nodejs\;C:\Users\HP\AppData\Roaming\npm;C:\WINDOWS\system32;C:\WINDOWS;C:\WINDOWS\System32\Wbem;C:\WINDOWS\System32\WindowsPowerShell\v1.0\;C:\Program Files (x86)\GtkSharp\2.12\bin;C:\Users\HP\AppData\Local\Android\sdk\platform-tools;C:\Users\HP\AppData\Local\Android\sdk;C:\Program Files\Git\cmd;C:\Python26\;C:\Program Files (x86)\Meld\;c:\Program Files\Java\jdk1.8.0_121\bin;;C:\Android;C:\WINDOWS\System32\OpenSSH\;C:\Program Files\MongoDB\Server\3.4\bin;C:\Users\HP\AppData\Local\Microsoft\WindowsApps;C:\Users\HP\AppData\Local\atom\bin;F:\Documents\Programs\flutter\bin;;C:\Users\HP\AppData\Local\Programs\Microsoft VS Code\bin
USERNAME=Shimona
OS=Windows_NT
PROCESSOR_IDENTIFIER=Intel64 Family 6 Model 78 Stepping 3, GenuineIntel



---------------  S Y S T E M  ---------------

OS: Windows 10.0 , 64 bit Build 17134 (10.0.17134.1)

CPU:total 4 (initial active 4) (2 cores per cpu, 2 threads per core) family 6 model 78 stepping 3, cmov, cx8, fxsr, mmx, sse, sse2, sse3, ssse3, sse4.1, sse4.2, popcnt, avx, avx2, aes, clmul, erms, 3dnowpref, lzcnt, ht, tsc, tscinvbit, bmi1, bmi2, adx

Memory: 4k page, physical 8204736k(887596k free), swap 14348736k(4056k free)

vm_info: OpenJDK 64-Bit Server VM (25.71-b00) for windows-amd64 JRE (1.8.0-adoptopenjdk-_2018_05_19_00_59-b00), built on May 19 2018 01:02:12 by "jenkins" with MS VC++ 10.0 (VS2010)

time: Tue Jan 29 00:39:54 2019
elapsed time: 3 seconds (0d 0h 0m 3s)

