#
# There is insufficient memory for the Java Runtime Environment to continue.
# Native memory allocation (malloc) failed to allocate 240736 bytes for Chunk::new
# Possible reasons:
#   The system is out of physical RAM or swap space
#   In 32 bit mode, the process size limit was hit
# Possible solutions:
#   Reduce memory load on the system
#   Increase physical memory or swap space
#   Check if swap backing store is full
#   Use 64 bit Java on a 64 bit OS
#   Decrease Java heap size (-Xmx/-Xms)
#   Decrease number of Java threads
#   Decrease Java thread stack sizes (-Xss)
#   Set larger code cache with -XX:ReservedCodeCacheSize=
# This output file may be truncated or incomplete.
#
#  Out of Memory Error (allocation.cpp:390), pid=26844, tid=0x0000000000000444
#
# JRE version: OpenJDK Runtime Environment (8.0) (build 1.8.0-adoptopenjdk-_2018_05_19_00_59-b00)
# Java VM: OpenJDK 64-Bit Server VM (25.71-b00 mixed mode windows-amd64 compressed oops)
# Failed to write core dump. Minidumps are not enabled by default on client versions of Windows
#

---------------  T H R E A D  ---------------

Current thread (0x0000000017e18000):  JavaThread "C2 CompilerThread1" daemon [_thread_in_native, id=1092, stack(0x0000000019560000,0x0000000019660000)]

Stack: [0x0000000019560000,0x0000000019660000]
[error occurred during error reporting (printing stack bounds), id 0xc0000005]

Native frames: (J=compiled Java code, j=interpreted, Vv=VM code, C=native code)


Current CompileTask:
C2:    571  348  s    4       sun.misc.URLClassPath::getNextLoader (88 bytes)


---------------  P R O C E S S  ---------------

Java Threads: ( => current thread )
  0x0000000017e6d800 JavaThread "Service Thread" daemon [_thread_blocked, id=8116, stack(0x0000000019b60000,0x0000000019c60000)]
  0x0000000017e21800 JavaThread "C1 CompilerThread2" daemon [_thread_in_native, id=9736, stack(0x0000000019660000,0x0000000019760000)]
=>0x0000000017e18000 JavaThread "C2 CompilerThread1" daemon [_thread_in_native, id=1092, stack(0x0000000019560000,0x0000000019660000)]
  0x0000000017e0f800 JavaThread "C2 CompilerThread0" daemon [_thread_in_native, id=24812, stack(0x0000000019460000,0x0000000019560000)]
  0x0000000017e0c000 JavaThread "Attach Listener" daemon [_thread_blocked, id=18812, stack(0x0000000019360000,0x0000000019460000)]
  0x0000000017e0a800 JavaThread "Signal Dispatcher" daemon [_thread_blocked, id=852, stack(0x0000000019260000,0x0000000019360000)]
  0x000000000329a800 JavaThread "Finalizer" daemon [_thread_blocked, id=18824, stack(0x0000000019070000,0x0000000019170000)]
  0x0000000003292000 JavaThread "Reference Handler" daemon [_thread_blocked, id=10232, stack(0x0000000018f70000,0x0000000019070000)]
  0x000000000338e800 JavaThread "main" [_thread_in_vm, id=7904, stack(0x0000000003070000,0x0000000003170000)]

Other Threads:
  0x0000000017dd3800 VMThread [stack: 0x0000000018e70000,0x0000000018f70000] [id=24184]
  0x0000000017e6e800 WatcherThread [stack: 0x0000000019c60000,0x0000000019d60000] [id=10188]

VM state:not at safepoint (normal execution)

VM Mutex/Monitor currently owned by a thread: None

Heap:
 PSYoungGen      total 37888K, used 10501K [0x00000000d6400000, 0x00000000d8e00000, 0x0000000100000000)
  eden space 32768K, 32% used [0x00000000d6400000,0x00000000d6e415f0,0x00000000d8400000)
  from space 5120K, 0% used [0x00000000d8900000,0x00000000d8900000,0x00000000d8e00000)
  to   space 5120K, 0% used [0x00000000d8400000,0x00000000d8400000,0x00000000d8900000)
 ParOldGen       total 86016K, used 0K [0x0000000082c00000, 0x0000000088000000, 0x00000000d6400000)
  object space 86016K, 0% used [0x0000000082c00000,0x0000000082c00000,0x0000000088000000)
 Metaspace       used 4757K, capacity 5272K, committed 5504K, reserved 1056768K
  class space    used 575K, capacity 632K, committed 640K, reserved 1048576K

Card table byte_map: [0x0000000012750000,0x0000000012b40000] byte_map_base: 0x000000001233a000

Marking Bits: (ParMarkBitMap*) 0x000000007180be50
 Begin Bits: [0x00000000131e0000, 0x0000000015130000)
 End Bits:   [0x0000000015130000, 0x0000000017080000)

Polling page: 0x0000000001320000

CodeCache: size=245760Kb used=1847Kb max_used=1847Kb free=243912Kb
 bounds [0x0000000003390000, 0x0000000003600000, 0x0000000012390000]
 total_blobs=598 nmethods=346 adapters=166
 compilation: enabled

Compilation events (10 events):
Event: 0.548 Thread 0x0000000017e0f800 nmethod 343 0x000000000355ac90 code [0x000000000355adc0, 0x000000000355ae38]
Event: 0.548 Thread 0x0000000017e0f800  344       4       java.util.concurrent.ConcurrentHashMap::tabAt (21 bytes)
Event: 0.549 Thread 0x0000000017e0f800 nmethod 344 0x000000000355ae90 code [0x000000000355afc0, 0x000000000355b018]
Event: 0.550 Thread 0x0000000017e18000 nmethod 339 0x0000000003558fd0 code [0x0000000003559120, 0x00000000035595d8]
Event: 0.552 Thread 0x0000000017e21800  346   !   3       java.net.URL::<init> (543 bytes)
Event: 0.554 Thread 0x0000000017e0f800  347  s!   4       sun.misc.URLClassPath::getLoader (243 bytes)
Event: 0.554 Thread 0x0000000017e18000  348  s    4       sun.misc.URLClassPath::getNextLoader (88 bytes)
Event: 0.556 Thread 0x0000000017e21800 nmethod 346 0x000000000355cc90 code [0x000000000355d160, 0x00000000035602f8]
Event: 0.556 Thread 0x0000000017e21800  345       3       java.net.URL::<init> (8 bytes)
Event: 0.556 Thread 0x0000000017e21800 nmethod 345 0x0000000003558c50 code [0x0000000003558dc0, 0x0000000003558f48]

GC Heap History (0 events):
No events

Deoptimization events (1 events):
Event: 0.319 Thread 0x000000000338e800 Uncommon trap: reason=unstable_if action=reinterpret pc=0x00000000034e7898 method=java.lang.String.toLowerCase(Ljava/util/Locale;)Ljava/lang/String; @ 85

Classes redefined (0 events):
No events

Internal exceptions (10 events):
Event: 0.047 Thread 0x000000000338e800 Exception <a 'java/lang/NoSuchMethodError': Method sun.misc.Unsafe.prefetchRead(Ljava/lang/Object;J)V name or signature does not match> (0x00000000d6407f98) thrown at [C:\Users\jenkins\workspace\openjdk8_build_x86-64_windows\openjdk\hotspot\src\share\vm\p
Event: 0.316 Thread 0x000000000338e800 Exception <a 'java/security/PrivilegedActionException'> (0x00000000d68c2f68) thrown at [C:\Users\jenkins\workspace\openjdk8_build_x86-64_windows\openjdk\hotspot\src\share\vm\prims\jvm.cpp, line 1435]
Event: 0.316 Thread 0x000000000338e800 Exception <a 'java/security/PrivilegedActionException'> (0x00000000d68c3178) thrown at [C:\Users\jenkins\workspace\openjdk8_build_x86-64_windows\openjdk\hotspot\src\share\vm\prims\jvm.cpp, line 1435]
Event: 0.317 Thread 0x000000000338e800 Exception <a 'java/security/PrivilegedActionException'> (0x00000000d68c8230) thrown at [C:\Users\jenkins\workspace\openjdk8_build_x86-64_windows\openjdk\hotspot\src\share\vm\prims\jvm.cpp, line 1435]
Event: 0.317 Thread 0x000000000338e800 Exception <a 'java/security/PrivilegedActionException'> (0x00000000d68c8440) thrown at [C:\Users\jenkins\workspace\openjdk8_build_x86-64_windows\openjdk\hotspot\src\share\vm\prims\jvm.cpp, line 1435]
Event: 0.317 Thread 0x000000000338e800 Exception <a 'java/security/PrivilegedActionException'> (0x00000000d68ca008) thrown at [C:\Users\jenkins\workspace\openjdk8_build_x86-64_windows\openjdk\hotspot\src\share\vm\prims\jvm.cpp, line 1435]
Event: 0.317 Thread 0x000000000338e800 Exception <a 'java/security/PrivilegedActionException'> (0x00000000d68ca218) thrown at [C:\Users\jenkins\workspace\openjdk8_build_x86-64_windows\openjdk\hotspot\src\share\vm\prims\jvm.cpp, line 1435]
Event: 0.543 Thread 0x000000000338e800 Exception <a 'java/lang/ArrayIndexOutOfBoundsException': 100> (0x00000000d6d3c9b0) thrown at [C:\Users\jenkins\workspace\openjdk8_build_x86-64_windows\openjdk\hotspot\src\share\vm\interpreter\interpreterRuntime.cpp, line 366]
Event: 0.544 Thread 0x000000000338e800 Exception <a 'java/lang/ArrayIndexOutOfBoundsException': 18> (0x00000000d6d3d8e8) thrown at [C:\Users\jenkins\workspace\openjdk8_build_x86-64_windows\openjdk\hotspot\src\share\vm\interpreter\interpreterRuntime.cpp, line 366]
Event: 0.544 Thread 0x000000000338e800 Exception <a 'java/lang/ArrayIndexOutOfBoundsException': 40> (0x00000000d6d3e518) thrown at [C:\Users\jenkins\workspace\openjdk8_build_x86-64_windows\openjdk\hotspot\src\share\vm\interpreter\interpreterRuntime.cpp, line 366]

Events (10 events):
Event: 0.564 loading class java/util/concurrent/locks/ReentrantLock$Sync
Event: 0.564 loading class java/util/concurrent/locks/AbstractQueuedSynchronizer
Event: 0.566 loading class java/util/concurrent/locks/AbstractOwnableSynchronizer
Event: 0.566 loading class java/util/concurrent/locks/AbstractOwnableSynchronizer done
Event: 0.566 loading class java/util/concurrent/locks/AbstractQueuedSynchronizer done
Event: 0.566 loading class java/util/concurrent/locks/ReentrantLock$Sync done
Event: 0.566 loading class java/util/concurrent/locks/ReentrantLock$NonfairSync done
Event: 0.566 loading class java/util/concurrent/locks/AbstractQueuedSynchronizer$Node
Event: 0.566 loading class java/util/concurrent/locks/AbstractQueuedSynchronizer$Node done
Event: 0.566 loading class java/util/logging/LogManager


Dynamic libraries:
0x00007ff6a6cf0000 - 0x00007ff6a6d25000 	C:\Program Files\Unity\Editor\Data\PlaybackEngines\AndroidPlayer\Tools\OpenJDK\Windows\bin\java.exe
0x00007ffa38790000 - 0x00007ffa38971000 	C:\WINDOWS\SYSTEM32\ntdll.dll
0x00007ffa38190000 - 0x00007ffa38242000 	C:\WINDOWS\System32\KERNEL32.DLL
0x00007ffa35790000 - 0x00007ffa35a03000 	C:\WINDOWS\System32\KERNELBASE.dll
0x00007ffa361d0000 - 0x00007ffa36271000 	C:\WINDOWS\System32\ADVAPI32.dll
0x00007ffa35ed0000 - 0x00007ffa35f6e000 	C:\WINDOWS\System32\msvcrt.dll
0x00007ffa35f70000 - 0x00007ffa35fcb000 	C:\WINDOWS\System32\sechost.dll
0x00007ffa35c40000 - 0x00007ffa35d64000 	C:\WINDOWS\System32\RPCRT4.dll
0x00007ffa37df0000 - 0x00007ffa37f80000 	C:\WINDOWS\System32\USER32.dll
0x00007ffa34b60000 - 0x00007ffa34b80000 	C:\WINDOWS\System32\win32u.dll
0x00007ffa35ea0000 - 0x00007ffa35ec8000 	C:\WINDOWS\System32\GDI32.dll
0x00007ffa35400000 - 0x00007ffa35592000 	C:\WINDOWS\System32\gdi32full.dll
0x00007ffa35360000 - 0x00007ffa353ff000 	C:\WINDOWS\System32\msvcp_win.dll
0x00007ffa35b20000 - 0x00007ffa35c1a000 	C:\WINDOWS\System32\ucrtbase.dll
0x00007ffa28590000 - 0x00007ffa287f9000 	C:\WINDOWS\WinSxS\amd64_microsoft.windows.common-controls_6595b64144ccf1df_6.0.17134.345_none_fb429a5930656358\COMCTL32.dll
0x00007ffa37870000 - 0x00007ffa37b93000 	C:\WINDOWS\System32\combase.dll
0x00007ffa34b80000 - 0x00007ffa34bfa000 	C:\WINDOWS\System32\bcryptPrimitives.dll
0x00007ffa382b0000 - 0x00007ffa382dd000 	C:\WINDOWS\System32\IMM32.DLL
0x0000000072180000 - 0x0000000072252000 	C:\Program Files\Unity\Editor\Data\PlaybackEngines\AndroidPlayer\Tools\OpenJDK\Windows\jre\bin\msvcr100.dll
0x0000000071040000 - 0x0000000071889000 	C:\Program Files\Unity\Editor\Data\PlaybackEngines\AndroidPlayer\Tools\OpenJDK\Windows\jre\bin\server\jvm.dll
0x00007ffa38300000 - 0x00007ffa38308000 	C:\WINDOWS\System32\PSAPI.DLL
0x00007ffa32630000 - 0x00007ffa32653000 	C:\WINDOWS\SYSTEM32\WINMM.dll
0x00007ffa2fb70000 - 0x00007ffa2fb7a000 	C:\WINDOWS\SYSTEM32\VERSION.dll
0x00007ffa336a0000 - 0x00007ffa336a9000 	C:\WINDOWS\SYSTEM32\WSOCK32.dll
0x00007ffa38120000 - 0x00007ffa3818c000 	C:\WINDOWS\System32\WS2_32.dll
0x00007ffa32600000 - 0x00007ffa3262a000 	C:\WINDOWS\SYSTEM32\WINMMBASE.dll
0x00007ffa35310000 - 0x00007ffa35359000 	C:\WINDOWS\System32\cfgmgr32.dll
0x00007ffa2e1e0000 - 0x00007ffa2e1ef000 	C:\Program Files\Unity\Editor\Data\PlaybackEngines\AndroidPlayer\Tools\OpenJDK\Windows\jre\bin\verify.dll
0x00007ffa17ac0000 - 0x00007ffa17ae9000 	C:\Program Files\Unity\Editor\Data\PlaybackEngines\AndroidPlayer\Tools\OpenJDK\Windows\jre\bin\java.dll
0x00007ffa2b6a0000 - 0x00007ffa2b6b6000 	C:\Program Files\Unity\Editor\Data\PlaybackEngines\AndroidPlayer\Tools\OpenJDK\Windows\jre\bin\zip.dll
0x00007ffa36380000 - 0x00007ffa377bf000 	C:\WINDOWS\System32\SHELL32.dll
0x00007ffa377c0000 - 0x00007ffa37869000 	C:\WINDOWS\System32\shcore.dll
0x00007ffa34c00000 - 0x00007ffa3530d000 	C:\WINDOWS\System32\windows.storage.dll
0x00007ffa36280000 - 0x00007ffa362d1000 	C:\WINDOWS\System32\shlwapi.dll
0x00007ffa34aa0000 - 0x00007ffa34ab1000 	C:\WINDOWS\System32\kernel.appcore.dll
0x00007ffa34b30000 - 0x00007ffa34b4f000 	C:\WINDOWS\System32\profapi.dll
0x00007ffa34ae0000 - 0x00007ffa34b2c000 	C:\WINDOWS\System32\powrprof.dll
0x00007ffa34b50000 - 0x00007ffa34b5a000 	C:\WINDOWS\System32\FLTLIB.DLL

VM Arguments:
java_command: org.gradle.launcher.GradleMain -Dorg.gradle.jvmargs=-Xmx4096m --stop
java_class_path (initial): C:\Program Files\Unity\Editor\Data\PlaybackEngines\AndroidPlayer\Tools\gradle\lib\gradle-launcher-4.6.jar
Launcher Type: SUN_STANDARD

Environment Variables:
JAVA_HOME=C:\Program Files\Unity\Editor\Data\PlaybackEngines\AndroidPlayer/Tools\OpenJDK\Windows
PATH=C:\Program Files (x86)\Common Files\Oracle\Java\javapath;C:\ProgramData\Oracle\Java\javapath;C:\Program Files (x86)\Intel\iCLS Client\;C:\Program Files\Intel\iCLS Client\;C:\Windows\system32;C:\Windows;C:\Windows\System32\Wbem;C:\Windows\System32\WindowsPowerShell\v1.0\;C:\Program Files (x86)\NVIDIA Corporation\PhysX\Common;C:\Program Files (x86)\Intel\Intel(R) Management Engine Components\DAL;C:\Program Files\Intel\Intel(R) Management Engine Components\DAL;C:\Program Files (x86)\Intel\Intel(R) Management Engine Components\IPT;C:\Program Files\Intel\Intel(R) Management Engine Components\IPT;C:\Program Files\nodejs\;C:\Users\HP\AppData\Roaming\npm;C:\WINDOWS\system32;C:\WINDOWS;C:\WINDOWS\System32\Wbem;C:\WINDOWS\System32\WindowsPowerShell\v1.0\;C:\Program Files (x86)\GtkSharp\2.12\bin;C:\Users\HP\AppData\Local\Android\sdk\platform-tools;C:\Users\HP\AppData\Local\Android\sdk;C:\Program Files\Git\cmd;C:\Python26\;C:\Program Files (x86)\Meld\;c:\Program Files\Java\jdk1.8.0_121\bin;;C:\Android;C:\WINDOWS\System32\OpenSSH\;C:\Program Files\MongoDB\Server\3.4\bin;C:\Users\HP\AppData\Local\Microsoft\WindowsApps;C:\Users\HP\AppData\Local\atom\bin;F:\Documents\Programs\flutter\bin;;C:\Users\HP\AppData\Local\Programs\Microsoft VS Code\bin
USERNAME=Shimona
OS=Windows_NT
PROCESSOR_IDENTIFIER=Intel64 Family 6 Model 78 Stepping 3, GenuineIntel



---------------  S Y S T E M  ---------------

OS: Windows 10.0 , 64 bit Build 17134 (10.0.17134.1)

CPU:total 4 (initial active 4) (2 cores per cpu, 2 threads per core) family 6 model 78 stepping 3, cmov, cx8, fxsr, mmx, sse, sse2, sse3, ssse3, sse4.1, sse4.2, popcnt, avx, avx2, aes, clmul, erms, 3dnowpref, lzcnt, ht, tsc, tscinvbit, bmi1, bmi2, adx

Memory: 4k page, physical 8204736k(902304k free), swap 14348736k(4096k free)

vm_info: OpenJDK 64-Bit Server VM (25.71-b00) for windows-amd64 JRE (1.8.0-adoptopenjdk-_2018_05_19_00_59-b00), built on May 19 2018 01:02:12 by "jenkins" with MS VC++ 10.0 (VS2010)

time: Tue Jan 29 00:40:11 2019
elapsed time: 0 seconds (0d 0h 0m 0s)

