#
# There is insufficient memory for the Java Runtime Environment to continue.
# Native memory allocation (malloc) failed to allocate 330256 bytes for Chunk::new
# Possible reasons:
#   The system is out of physical RAM or swap space
#   In 32 bit mode, the process size limit was hit
# Possible solutions:
#   Reduce memory load on the system
#   Increase physical memory or swap space
#   Check if swap backing store is full
#   Use 64 bit Java on a 64 bit OS
#   Decrease Java heap size (-Xmx/-Xms)
#   Decrease number of Java threads
#   Decrease Java thread stack sizes (-Xss)
#   Set larger code cache with -XX:ReservedCodeCacheSize=
# This output file may be truncated or incomplete.
#
#  Out of Memory Error (allocation.cpp:390), pid=23744, tid=0x0000000000004da0
#
# JRE version: OpenJDK Runtime Environment (8.0) (build 1.8.0-adoptopenjdk-_2018_05_19_00_59-b00)
# Java VM: OpenJDK 64-Bit Server VM (25.71-b00 mixed mode windows-amd64 compressed oops)
# Failed to write core dump. Minidumps are not enabled by default on client versions of Windows
#

---------------  T H R E A D  ---------------

Current thread (0x0000000016f28800):  JavaThread "C2 CompilerThread1" daemon [_thread_in_native, id=19872, stack(0x0000000018670000,0x0000000018770000)]

Stack: [0x0000000018670000,0x0000000018770000]
[error occurred during error reporting (printing stack bounds), id 0xc0000005]

Native frames: (J=compiled Java code, j=interpreted, Vv=VM code, C=native code)


Current CompileTask:
C2:   1189  885       4       java.io.WinNTFileSystem::normalize (143 bytes)


---------------  P R O C E S S  ---------------

Java Threads: ( => current thread )
  0x0000000016f7e800 JavaThread "Service Thread" daemon [_thread_blocked, id=22368, stack(0x0000000018c70000,0x0000000018d70000)]
  0x0000000016f2e800 JavaThread "C1 CompilerThread2" daemon [_thread_blocked, id=27036, stack(0x0000000018770000,0x0000000018870000)]
=>0x0000000016f28800 JavaThread "C2 CompilerThread1" daemon [_thread_in_native, id=19872, stack(0x0000000018670000,0x0000000018770000)]
  0x0000000016f24000 JavaThread "C2 CompilerThread0" daemon [_thread_blocked, id=6060, stack(0x0000000018570000,0x0000000018670000)]
  0x0000000016f22800 JavaThread "Attach Listener" daemon [_thread_blocked, id=24876, stack(0x0000000018470000,0x0000000018570000)]
  0x0000000016f22000 JavaThread "Signal Dispatcher" daemon [_thread_blocked, id=25520, stack(0x0000000018370000,0x0000000018470000)]
  0x000000000241e800 JavaThread "Finalizer" daemon [_thread_blocked, id=26164, stack(0x0000000018180000,0x0000000018280000)]
  0x0000000002413800 JavaThread "Reference Handler" daemon [_thread_blocked, id=21784, stack(0x0000000018080000,0x0000000018180000)]
  0x0000000002323800 JavaThread "main" [_thread_in_native, id=24764, stack(0x00000000021f0000,0x00000000022f0000)]

Other Threads:
  0x0000000016ee6000 VMThread [stack: 0x0000000017f80000,0x0000000018080000] [id=20420]
  0x00000000188a2000 WatcherThread [stack: 0x0000000018d70000,0x0000000018e70000] [id=19728]

VM state:not at safepoint (normal execution)

VM Mutex/Monitor currently owned by a thread: None

Heap:
 PSYoungGen      total 37888K, used 17051K [0x00000000d6400000, 0x00000000d8e00000, 0x0000000100000000)
  eden space 32768K, 52% used [0x00000000d6400000,0x00000000d74a6e48,0x00000000d8400000)
  from space 5120K, 0% used [0x00000000d8900000,0x00000000d8900000,0x00000000d8e00000)
  to   space 5120K, 0% used [0x00000000d8400000,0x00000000d8400000,0x00000000d8900000)
 ParOldGen       total 86016K, used 0K [0x0000000082c00000, 0x0000000088000000, 0x00000000d6400000)
  object space 86016K, 0% used [0x0000000082c00000,0x0000000082c00000,0x0000000088000000)
 Metaspace       used 10170K, capacity 10368K, committed 10624K, reserved 1058816K
  class space    used 1245K, capacity 1330K, committed 1408K, reserved 1048576K

Card table byte_map: [0x0000000011860000,0x0000000011c50000] byte_map_base: 0x000000001144a000

Marking Bits: (ParMarkBitMap*) 0x000000007172be50
 Begin Bits: [0x00000000122f0000, 0x0000000014240000)
 End Bits:   [0x0000000014240000, 0x0000000016190000)

Polling page: 0x0000000000440000

CodeCache: size=245760Kb used=3080Kb max_used=3080Kb free=242679Kb
 bounds [0x00000000024a0000, 0x00000000027b0000, 0x00000000114a0000]
 total_blobs=1218 nmethods=885 adapters=247
 compilation: enabled

Compilation events (10 events):
Event: 1.163 Thread 0x0000000016f2e800 nmethod 881 0x000000000279e950 code [0x000000000279eaa0, 0x000000000279ebd0]
Event: 1.163 Thread 0x0000000016f2e800  882       1       com.sun.xml.internal.bind.v2.model.impl.TypeRefImpl::getTagName (5 bytes)
Event: 1.163 Thread 0x0000000016f2e800 nmethod 882 0x000000000279e690 code [0x000000000279e7e0, 0x000000000279e8f0]
Event: 1.163 Thread 0x0000000016f2e800  883       3       com.sun.xml.internal.bind.v2.util.QNameMap::hash (36 bytes)
Event: 1.164 Thread 0x0000000016f2e800 nmethod 883 0x000000000279e250 code [0x000000000279e3c0, 0x000000000279e5c8]
Event: 1.165 Thread 0x0000000016f2e800  884       3       java.util.LinkedHashMap$LinkedValueIterator::next (8 bytes)
Event: 1.165 Thread 0x0000000016f2e800 nmethod 884 0x00000000027a5490 code [0x00000000027a5600, 0x00000000027a5808]
Event: 1.171 Thread 0x0000000016f28800  885       4       java.io.WinNTFileSystem::normalize (143 bytes)
Event: 1.184 Thread 0x0000000016f2e800  886       3       java.lang.StringBuilder::append (8 bytes)
Event: 1.184 Thread 0x0000000016f2e800 nmethod 886 0x00000000027a5110 code [0x00000000027a5280, 0x00000000027a5408]

GC Heap History (0 events):
No events

Deoptimization events (7 events):
Event: 0.863 Thread 0x0000000002323800 Uncommon trap: reason=unstable_if action=reinterpret pc=0x000000000266f75c method=java.lang.String.indexOf([CII[CIII)I @ 3
Event: 0.911 Thread 0x0000000002323800 Uncommon trap: reason=unstable_if action=reinterpret pc=0x00000000026e4fb4 method=java.util.HashMap.getNode(ILjava/lang/Object;)Ljava/util/HashMap$Node; @ 129
Event: 0.918 Thread 0x0000000002323800 Uncommon trap: reason=unstable_if action=reinterpret pc=0x00000000026e0a98 method=java.util.HashMap.getNode(ILjava/lang/Object;)Ljava/util/HashMap$Node; @ 129
Event: 0.953 Thread 0x0000000002323800 Uncommon trap: reason=range_check action=make_not_entrant pc=0x00000000026fa7e0 method=sun.reflect.generics.parser.SignatureParser.current()C @ 34
Event: 1.032 Thread 0x0000000002323800 Uncommon trap: reason=unstable_if action=reinterpret pc=0x00000000026ef028 method=sun.misc.MetaIndex.mayContain(Ljava/lang/String;)Z @ 38
Event: 1.150 Thread 0x0000000002323800 Uncommon trap: reason=unstable_if action=reinterpret pc=0x0000000002792a78 method=java.io.DataInputStream.readUTF(Ljava/io/DataInput;)Ljava/lang/String; @ 31
Event: 1.166 Thread 0x0000000002323800 Uncommon trap: reason=unstable_if action=reinterpret pc=0x00000000026ea088 method=java.lang.AbstractStringBuilder.append(Ljava/lang/String;)Ljava/lang/AbstractStringBuilder; @ 1

Classes redefined (0 events):
No events

Internal exceptions (10 events):
Event: 0.928 Thread 0x0000000002323800 Exception <a 'java/lang/ArrayIndexOutOfBoundsException'> (0x00000000d6f4fe78) thrown at [C:\Users\jenkins\workspace\openjdk8_build_x86-64_windows\openjdk\hotspot\src\share\vm\runtime\sharedRuntime.cpp, line 605]
Event: 0.953 Thread 0x0000000002323800 Exception <a 'java/lang/ArrayIndexOutOfBoundsException': 67> (0x00000000d6fbfc60) thrown at [C:\Users\jenkins\workspace\openjdk8_build_x86-64_windows\openjdk\hotspot\src\share\vm\interpreter\interpreterRuntime.cpp, line 366]
Event: 0.953 Thread 0x0000000002323800 Exception <a 'java/lang/ArrayIndexOutOfBoundsException': 65> (0x00000000d6fc1168) thrown at [C:\Users\jenkins\workspace\openjdk8_build_x86-64_windows\openjdk\hotspot\src\share\vm\interpreter\interpreterRuntime.cpp, line 366]
Event: 0.955 Thread 0x0000000002323800 Exception <a 'java/lang/ArrayIndexOutOfBoundsException'> (0x00000000d6fc4ef0) thrown at [C:\Users\jenkins\workspace\openjdk8_build_x86-64_windows\openjdk\hotspot\src\share\vm\runtime\sharedRuntime.cpp, line 605]
Event: 0.955 Thread 0x0000000002323800 Exception <a 'java/lang/ArrayIndexOutOfBoundsException'> (0x00000000d6fc6448) thrown at [C:\Users\jenkins\workspace\openjdk8_build_x86-64_windows\openjdk\hotspot\src\share\vm\runtime\sharedRuntime.cpp, line 605]
Event: 0.955 Thread 0x0000000002323800 Exception <a 'java/lang/ArrayIndexOutOfBoundsException'> (0x00000000d6fc71b0) thrown at [C:\Users\jenkins\workspace\openjdk8_build_x86-64_windows\openjdk\hotspot\src\share\vm\runtime\sharedRuntime.cpp, line 605]
Event: 0.955 Thread 0x0000000002323800 Exception <a 'java/lang/ArrayIndexOutOfBoundsException'> (0x00000000d6fc8010) thrown at [C:\Users\jenkins\workspace\openjdk8_build_x86-64_windows\openjdk\hotspot\src\share\vm\runtime\sharedRuntime.cpp, line 605]
Event: 0.955 Thread 0x0000000002323800 Exception <a 'java/lang/ArrayIndexOutOfBoundsException'> (0x00000000d6fc9140) thrown at [C:\Users\jenkins\workspace\openjdk8_build_x86-64_windows\openjdk\hotspot\src\share\vm\runtime\sharedRuntime.cpp, line 605]
Event: 0.956 Thread 0x0000000002323800 Exception <a 'java/lang/ArrayIndexOutOfBoundsException'> (0x00000000d6fc9e80) thrown at [C:\Users\jenkins\workspace\openjdk8_build_x86-64_windows\openjdk\hotspot\src\share\vm\runtime\sharedRuntime.cpp, line 605]
Event: 1.166 Thread 0x0000000002323800 Implicit null exception at 0x00000000026e9cd6 to 0x00000000026ea071

Events (10 events):
Event: 1.186 loading class com/sun/org/apache/xerces/internal/impl/XMLDocumentFragmentScannerImpl done
Event: 1.186 loading class com/sun/org/apache/xerces/internal/impl/XMLDocumentScannerImpl done
Event: 1.186 loading class com/sun/org/apache/xerces/internal/impl/XMLNSDocumentScannerImpl done
Event: 1.187 loading class com/sun/org/apache/xerces/internal/xni/XMLString
Event: 1.187 loading class com/sun/org/apache/xerces/internal/xni/XMLString done
Event: 1.187 loading class com/sun/org/apache/xerces/internal/util/XMLStringBuffer
Event: 1.187 loading class com/sun/org/apache/xerces/internal/util/XMLStringBuffer done
Event: 1.187 loading class com/sun/org/apache/xerces/internal/impl/XMLDocumentFragmentScannerImpl$ElementStack
Event: 1.187 loading class com/sun/org/apache/xerces/internal/impl/XMLDocumentFragmentScannerImpl$ElementStack done
Event: 1.187 loading class com/sun/org/apache/xerces/internal/xni/QName


Dynamic libraries:
0x00007ff6e1640000 - 0x00007ff6e1675000 	C:\Program Files\Unity\Editor\Data\PlaybackEngines\AndroidPlayer\Tools\OpenJDK\Windows\bin\java.exe
0x00007ffa38790000 - 0x00007ffa38971000 	C:\WINDOWS\SYSTEM32\ntdll.dll
0x00007ffa38190000 - 0x00007ffa38242000 	C:\WINDOWS\System32\KERNEL32.DLL
0x00007ffa35790000 - 0x00007ffa35a03000 	C:\WINDOWS\System32\KERNELBASE.dll
0x00007ffa361d0000 - 0x00007ffa36271000 	C:\WINDOWS\System32\ADVAPI32.dll
0x00007ffa35ed0000 - 0x00007ffa35f6e000 	C:\WINDOWS\System32\msvcrt.dll
0x00007ffa35f70000 - 0x00007ffa35fcb000 	C:\WINDOWS\System32\sechost.dll
0x00007ffa35c40000 - 0x00007ffa35d64000 	C:\WINDOWS\System32\RPCRT4.dll
0x00007ffa37df0000 - 0x00007ffa37f80000 	C:\WINDOWS\System32\USER32.dll
0x00007ffa34b60000 - 0x00007ffa34b80000 	C:\WINDOWS\System32\win32u.dll
0x00007ffa35ea0000 - 0x00007ffa35ec8000 	C:\WINDOWS\System32\GDI32.dll
0x00007ffa35400000 - 0x00007ffa35592000 	C:\WINDOWS\System32\gdi32full.dll
0x00007ffa35360000 - 0x00007ffa353ff000 	C:\WINDOWS\System32\msvcp_win.dll
0x00007ffa35b20000 - 0x00007ffa35c1a000 	C:\WINDOWS\System32\ucrtbase.dll
0x00007ffa28590000 - 0x00007ffa287f9000 	C:\WINDOWS\WinSxS\amd64_microsoft.windows.common-controls_6595b64144ccf1df_6.0.17134.345_none_fb429a5930656358\COMCTL32.dll
0x00007ffa37870000 - 0x00007ffa37b93000 	C:\WINDOWS\System32\combase.dll
0x00007ffa34b80000 - 0x00007ffa34bfa000 	C:\WINDOWS\System32\bcryptPrimitives.dll
0x00007ffa382b0000 - 0x00007ffa382dd000 	C:\WINDOWS\System32\IMM32.DLL
0x00000000717b0000 - 0x0000000071882000 	C:\Program Files\Unity\Editor\Data\PlaybackEngines\AndroidPlayer\Tools\OpenJDK\Windows\jre\bin\msvcr100.dll
0x0000000070f60000 - 0x00000000717a9000 	C:\Program Files\Unity\Editor\Data\PlaybackEngines\AndroidPlayer\Tools\OpenJDK\Windows\jre\bin\server\jvm.dll
0x00007ffa38300000 - 0x00007ffa38308000 	C:\WINDOWS\System32\PSAPI.DLL
0x00007ffa32630000 - 0x00007ffa32653000 	C:\WINDOWS\SYSTEM32\WINMM.dll
0x00007ffa336a0000 - 0x00007ffa336a9000 	C:\WINDOWS\SYSTEM32\WSOCK32.dll
0x00007ffa32600000 - 0x00007ffa3262a000 	C:\WINDOWS\SYSTEM32\WINMMBASE.dll
0x00007ffa35310000 - 0x00007ffa35359000 	C:\WINDOWS\System32\cfgmgr32.dll
0x00007ffa38120000 - 0x00007ffa3818c000 	C:\WINDOWS\System32\WS2_32.dll
0x00007ffa2fb70000 - 0x00007ffa2fb7a000 	C:\WINDOWS\SYSTEM32\VERSION.dll
0x00007ffa321b0000 - 0x00007ffa321bf000 	C:\Program Files\Unity\Editor\Data\PlaybackEngines\AndroidPlayer\Tools\OpenJDK\Windows\jre\bin\verify.dll
0x00007ffa2a5a0000 - 0x00007ffa2a5c9000 	C:\Program Files\Unity\Editor\Data\PlaybackEngines\AndroidPlayer\Tools\OpenJDK\Windows\jre\bin\java.dll
0x00007ffa2d400000 - 0x00007ffa2d416000 	C:\Program Files\Unity\Editor\Data\PlaybackEngines\AndroidPlayer\Tools\OpenJDK\Windows\jre\bin\zip.dll
0x00007ffa36380000 - 0x00007ffa377bf000 	C:\WINDOWS\System32\SHELL32.dll
0x00007ffa377c0000 - 0x00007ffa37869000 	C:\WINDOWS\System32\shcore.dll
0x00007ffa34c00000 - 0x00007ffa3530d000 	C:\WINDOWS\System32\windows.storage.dll
0x00007ffa36280000 - 0x00007ffa362d1000 	C:\WINDOWS\System32\shlwapi.dll
0x00007ffa34aa0000 - 0x00007ffa34ab1000 	C:\WINDOWS\System32\kernel.appcore.dll
0x00007ffa34b30000 - 0x00007ffa34b4f000 	C:\WINDOWS\System32\profapi.dll
0x00007ffa34ae0000 - 0x00007ffa34b2c000 	C:\WINDOWS\System32\powrprof.dll
0x00007ffa34b50000 - 0x00007ffa34b5a000 	C:\WINDOWS\System32\FLTLIB.DLL
0x00007ffa2e0f0000 - 0x00007ffa2e10a000 	C:\Program Files\Unity\Editor\Data\PlaybackEngines\AndroidPlayer\Tools\OpenJDK\Windows\jre\bin\net.dll
0x00007ffa34320000 - 0x00007ffa34386000 	C:\WINDOWS\system32\mswsock.dll
0x00007ffa2b6a0000 - 0x00007ffa2b6b1000 	C:\Program Files\Unity\Editor\Data\PlaybackEngines\AndroidPlayer\Tools\OpenJDK\Windows\jre\bin\nio.dll

VM Arguments:
jvm_args: -Dcom.android.sdkmanager.toolsdir=C:\Users\HP\AppData\Local\Android\sdk\tools\bin\\.. 
java_command: com.android.sdklib.tool.AvdManagerCli list target -c
java_class_path (initial): C:\Users\HP\AppData\Local\Android\sdk\tools\bin\..\lib\dvlib-26.0.0-dev.jar;C:\Users\HP\AppData\Local\Android\sdk\tools\bin\..\lib\jimfs-1.1.jar;C:\Users\HP\AppData\Local\Android\sdk\tools\bin\..\lib\jsr305-1.3.9.jar;C:\Users\HP\AppData\Local\Android\sdk\tools\bin\..\lib\repository-26.0.0-dev.jar;C:\Users\HP\AppData\Local\Android\sdk\tools\bin\..\lib\j2objc-annotations-1.1.jar;C:\Users\HP\AppData\Local\Android\sdk\tools\bin\..\lib\layoutlib-api-26.0.0-dev.jar;C:\Users\HP\AppData\Local\Android\sdk\tools\bin\..\lib\gson-2.3.jar;C:\Users\HP\AppData\Local\Android\sdk\tools\bin\..\lib\httpcore-4.2.5.jar;C:\Users\HP\AppData\Local\Android\sdk\tools\bin\..\lib\commons-logging-1.1.1.jar;C:\Users\HP\AppData\Local\Android\sdk\tools\bin\..\lib\commons-compress-1.12.jar;C:\Users\HP\AppData\Local\Android\sdk\tools\bin\..\lib\annotations-26.0.0-dev.jar;C:\Users\HP\AppData\Local\Android\sdk\tools\bin\..\lib\error_prone_annotations-2.0.18.jar;C:\Users\HP\AppData\Local\Android\sdk\tools\bin\..\lib\animal-sniffer-annotations-1.14.jar;C:\Users\HP\AppData\Local\Android\sdk\tools\bin\..\lib\httpclient-4.2.6.jar;C:\Users\HP\AppData\Local\Android\sdk\tools\bin\..\lib\commons-codec-1.6.jar;C:\Users\HP\AppData\Local\Android\sdk\tools\bin\..\lib\common-26.0.0-dev.jar;C:\Users\HP\AppData\Local\Android\sdk\tools\bin\..\lib\kxml2-2.3.0.jar;C:\Users\HP\AppData\Local\Android\sdk\tools\bin\..\lib\httpmime-4.1.jar;C:\Users\HP\AppData\Local\Android\sdk\tools\bin\..\lib\annotations-12.0.jar;C:\Users\HP\AppData\Local\Android\sdk\tools\bin\..\lib\sdklib-26.0.0-dev.jar;C:\Users\HP\AppData\Local\Android\sdk\tools\bin\..\lib\guava-22.0.jar
Launcher Type: SUN_STANDARD

Environment Variables:
JAVA_HOME=C:\Program Files\Unity\Editor\Data\PlaybackEngines\AndroidPlayer/Tools\OpenJDK\Windows
CLASSPATH=C:\Users\HP\AppData\Local\Android\sdk\tools\bin\..\lib\dvlib-26.0.0-dev.jar;C:\Users\HP\AppData\Local\Android\sdk\tools\bin\..\lib\jimfs-1.1.jar;C:\Users\HP\AppData\Local\Android\sdk\tools\bin\..\lib\jsr305-1.3.9.jar;C:\Users\HP\AppData\Local\Android\sdk\tools\bin\..\lib\repository-26.0.0-dev.jar;C:\Users\HP\AppData\Local\Android\sdk\tools\bin\..\lib\j2objc-annotations-1.1.jar;C:\Users\HP\AppData\Local\Android\sdk\tools\bin\..\lib\layoutlib-api-26.0.0-dev.jar;C:\Users\HP\AppData\Local\Android\sdk\tools\bin\..\lib\gson-2.3.jar;C:\Users\HP\AppData\Local\Android\sdk\tools\bin\..\lib\httpcore-4.2.5.jar;C:\Users\HP\AppData\Local\Android\sdk\tools\bin\..\lib\commons-logging-1.1.1.jar;C:\Users\HP\AppData\Local\Android\sdk\tools\bin\..\lib\commons-compress-1.12.jar;C:\Users\HP\AppData\Local\Android\sdk\tools\bin\..\lib\annotations-26.0.0-dev.jar;C:\Users\HP\AppData\Local\Android\sdk\tools\bin\..\lib\error_prone_annotations-2.0.18.jar;C:\Users\HP\AppData\Local\Android\sdk\tools\bin\..\lib\animal-sniffer-annotations-1.14.jar;C:\Users\HP\AppData\Local\Android\sdk\tools\bin\..\lib\httpclient-4.2.6.jar;C:\Users\HP\AppData\Local\Android\sdk\tools\bin\..\lib\commons-codec-1.6.jar;C:\Users\HP\AppData\Local\Android\sdk\tools\bin\..\lib\common-26.0.0-dev.jar;C:\Users\HP\AppData\Local\Android\sdk\tools\bin\..\lib\kxml2-2.3.0.jar;C:\Users\HP\AppData\Local\Android\sdk\tools\bin\..\lib\httpmime-4.1.jar;C:\Users\HP\AppData\Local\Android\sdk\tools\bin\..\lib\annotations-12.0.jar;C:\Users\HP\AppData\Local\Android\sdk\tools\bin\..\lib\sdklib-26.0.0-dev.jar;C:\Users\HP\AppData\Local\Android\sdk\tools\bin\..\lib\guava-22.0.jar
PATH=C:\Program Files (x86)\Common Files\Oracle\Java\javapath;C:\ProgramData\Oracle\Java\javapath;C:\Program Files (x86)\Intel\iCLS Client\;C:\Program Files\Intel\iCLS Client\;C:\Windows\system32;C:\Windows;C:\Windows\System32\Wbem;C:\Windows\System32\WindowsPowerShell\v1.0\;C:\Program Files (x86)\NVIDIA Corporation\PhysX\Common;C:\Program Files (x86)\Intel\Intel(R) Management Engine Components\DAL;C:\Program Files\Intel\Intel(R) Management Engine Components\DAL;C:\Program Files (x86)\Intel\Intel(R) Management Engine Components\IPT;C:\Program Files\Intel\Intel(R) Management Engine Components\IPT;C:\Program Files\nodejs\;C:\Users\HP\AppData\Roaming\npm;C:\WINDOWS\system32;C:\WINDOWS;C:\WINDOWS\System32\Wbem;C:\WINDOWS\System32\WindowsPowerShell\v1.0\;C:\Program Files (x86)\GtkSharp\2.12\bin;C:\Users\HP\AppData\Local\Android\sdk\platform-tools;C:\Users\HP\AppData\Local\Android\sdk;C:\Program Files\Git\cmd;C:\Python26\;C:\Program Files (x86)\Meld\;c:\Program Files\Java\jdk1.8.0_121\bin;;C:\Android;C:\WINDOWS\System32\OpenSSH\;C:\Program Files\MongoDB\Server\3.4\bin;C:\Users\HP\AppData\Local\Microsoft\WindowsApps;C:\Users\HP\AppData\Local\atom\bin;F:\Documents\Programs\flutter\bin;;C:\Users\HP\AppData\Local\Programs\Microsoft VS Code\bin
USERNAME=Shimona
OS=Windows_NT
PROCESSOR_IDENTIFIER=Intel64 Family 6 Model 78 Stepping 3, GenuineIntel



---------------  S Y S T E M  ---------------

OS: Windows 10.0 , 64 bit Build 17134 (10.0.17134.1)

CPU:total 4 (initial active 4) (2 cores per cpu, 2 threads per core) family 6 model 78 stepping 3, cmov, cx8, fxsr, mmx, sse, sse2, sse3, ssse3, sse4.1, sse4.2, popcnt, avx, avx2, aes, clmul, erms, 3dnowpref, lzcnt, ht, tsc, tscinvbit, bmi1, bmi2, adx

Memory: 4k page, physical 8204736k(990444k free), swap 14348736k(3456k free)

vm_info: OpenJDK 64-Bit Server VM (25.71-b00) for windows-amd64 JRE (1.8.0-adoptopenjdk-_2018_05_19_00_59-b00), built on May 19 2018 01:02:12 by "jenkins" with MS VC++ 10.0 (VS2010)

time: Sun Jan 27 16:42:13 2019
elapsed time: 1 seconds (0d 0h 0m 1s)

